<?xml version="1.0" encoding="UTF-8"?>
<coverage generated="1695983173575" clover="3.2.0">
  <project timestamp="1695983173575" name="All files">
    <metrics statements="141" coveredstatements="100" conditionals="80" coveredconditionals="55" methods="49" coveredmethods="41" elements="270" coveredelements="196" complexity="0" loc="141" ncloc="141" packages="1" files="5" classes="5"/>
    <file name="FixedWindowInMemoryRateLimiter.js" path="/Users/shubhampanchal/Projects/ratelimiter/dist/ratelimiter/FixedWindowInMemoryRateLimiter.js">
      <metrics statements="18" coveredstatements="18" conditionals="11" coveredconditionals="10" methods="6" coveredmethods="6"/>
      <line num="2" count="1" type="cond" truecount="3" falsecount="0"/>
      <line num="3" count="1" type="cond" truecount="3" falsecount="1"/>
      <line num="5" count="1" type="stmt"/>
      <line num="7" count="1" type="stmt"/>
      <line num="27" count="2" type="stmt"/>
      <line num="29" count="2" type="stmt"/>
      <line num="31" count="2" type="stmt"/>
      <line num="35" count="11" type="stmt"/>
      <line num="37" count="11" type="stmt"/>
      <line num="38" count="11" type="stmt"/>
      <line num="50" count="10" type="stmt"/>
      <line num="52" count="10" type="cond" truecount="2" falsecount="0"/>
      <line num="54" count="10" type="cond" truecount="2" falsecount="0"/>
      <line num="56" count="1" type="stmt"/>
      <line num="57" count="1" type="stmt"/>
      <line num="61" count="9" type="stmt"/>
      <line num="63" count="9" type="stmt"/>
      <line num="68" count="1" type="stmt"/>
    </file>
    <file name="FixedWindowMemcachedRateLimiter.js" path="/Users/shubhampanchal/Projects/ratelimiter/dist/ratelimiter/FixedWindowMemcachedRateLimiter.js">
      <metrics statements="32" coveredstatements="26" conditionals="19" coveredconditionals="16" methods="10" coveredmethods="10"/>
      <line num="2" count="1" type="cond" truecount="3" falsecount="0"/>
      <line num="3" count="2" type="cond" truecount="4" falsecount="0"/>
      <line num="5" count="1" type="stmt"/>
      <line num="7" count="1" type="stmt"/>
      <line num="8" count="1" type="stmt"/>
      <line num="36" count="2" type="stmt"/>
      <line num="38" count="2" type="cond" truecount="2" falsecount="0"/>
      <line num="39" count="2" type="stmt"/>
      <line num="41" count="2" type="stmt"/>
      <line num="45" count="11" type="stmt"/>
      <line num="46" count="11" type="stmt"/>
      <line num="47" count="11" type="cond" truecount="1" falsecount="1"/>
      <line num="48" count="0" type="stmt"/>
      <line num="49" count="0" type="stmt"/>
      <line num="51" count="11" type="stmt"/>
      <line num="61" count="2" type="stmt"/>
      <line num="63" count="2" type="stmt"/>
      <line num="74" count="10" type="stmt"/>
      <line num="76" count="10" type="stmt"/>
      <line num="78" count="10" type="cond" truecount="1" falsecount="1"/>
      <line num="79" count="0" type="stmt"/>
      <line num="80" count="0" type="stmt"/>
      <line num="83" count="10" type="cond" truecount="2" falsecount="0"/>
      <line num="85" count="10" type="cond" truecount="2" falsecount="0"/>
      <line num="87" count="1" type="stmt"/>
      <line num="88" count="1" type="stmt"/>
      <line num="91" count="9" type="stmt"/>
      <line num="93" count="9" type="cond" truecount="1" falsecount="1"/>
      <line num="94" count="0" type="stmt"/>
      <line num="95" count="0" type="stmt"/>
      <line num="98" count="9" type="stmt"/>
      <line num="105" count="1" type="stmt"/>
    </file>
    <file name="FixedWindowRateLimiter.js" path="/Users/shubhampanchal/Projects/ratelimiter/dist/ratelimiter/FixedWindowRateLimiter.js">
      <metrics statements="17" coveredstatements="15" conditionals="11" coveredconditionals="9" methods="11" coveredmethods="9"/>
      <line num="2" count="1" type="cond" truecount="3" falsecount="0"/>
      <line num="3" count="1" type="cond" truecount="3" falsecount="1"/>
      <line num="5" count="1" type="stmt"/>
      <line num="7" count="1" type="stmt"/>
      <line num="19" count="4" type="stmt"/>
      <line num="20" count="4" type="stmt"/>
      <line num="24" count="8" type="cond" truecount="2" falsecount="0"/>
      <line num="25" count="4" type="stmt"/>
      <line num="27" count="8" type="stmt"/>
      <line num="28" count="18" type="stmt"/>
      <line num="31" count="0" type="stmt"/>
      <line num="40" count="4" type="cond" truecount="1" falsecount="1"/>
      <line num="41" count="4" type="stmt"/>
      <line num="49" count="4" type="stmt"/>
      <line num="52" count="0" type="stmt"/>
      <line num="55" count="4" type="stmt"/>
      <line num="60" count="1" type="stmt"/>
    </file>
    <file name="RateLimiterImpl.js" path="/Users/shubhampanchal/Projects/ratelimiter/dist/ratelimiter/RateLimiterImpl.js">
      <metrics statements="6" coveredstatements="5" conditionals="0" coveredconditionals="0" methods="3" coveredmethods="2"/>
      <line num="2" count="1" type="stmt"/>
      <line num="14" count="6" type="stmt"/>
      <line num="15" count="6" type="stmt"/>
      <line num="23" count="0" type="stmt"/>
      <line num="31" count="8" type="stmt"/>
      <line num="35" count="1" type="stmt"/>
    </file>
    <file name="SlidingWindowMinHeapRateLimiter.js" path="/Users/shubhampanchal/Projects/ratelimiter/dist/ratelimiter/SlidingWindowMinHeapRateLimiter.js">
      <metrics statements="68" coveredstatements="36" conditionals="39" coveredconditionals="20" methods="19" coveredmethods="14"/>
      <line num="2" count="1" type="cond" truecount="3" falsecount="0"/>
      <line num="3" count="1" type="cond" truecount="3" falsecount="1"/>
      <line num="5" count="1" type="stmt"/>
      <line num="7" count="1" type="stmt"/>
      <line num="17" count="2" type="stmt"/>
      <line num="18" count="2" type="stmt"/>
      <line num="19" count="2" type="stmt"/>
      <line num="26" count="8" type="stmt"/>
      <line num="33" count="0" type="stmt"/>
      <line num="40" count="0" type="stmt"/>
      <line num="46" count="16" type="cond" truecount="2" falsecount="0"/>
      <line num="53" count="8" type="cond" truecount="1" falsecount="1"/>
      <line num="54" count="0" type="stmt"/>
      <line num="56" count="8" type="stmt"/>
      <line num="57" count="8" type="cond" truecount="2" falsecount="0"/>
      <line num="58" count="2" type="stmt"/>
      <line num="60" count="6" type="cond" truecount="1" falsecount="1"/>
      <line num="62" count="0" type="stmt"/>
      <line num="63" count="0" type="stmt"/>
      <line num="64" count="0" type="stmt"/>
      <line num="66" count="0" type="stmt"/>
      <line num="74" count="0" type="cond" truecount="0" falsecount="2"/>
      <line num="75" count="0" type="stmt"/>
      <line num="77" count="0" type="stmt"/>
      <line num="79" count="0" type="stmt"/>
      <line num="80" count="0" type="cond" truecount="0" falsecount="4"/>
      <line num="81" count="0" type="stmt"/>
      <line num="84" count="0" type="stmt"/>
      <line num="85" count="0" type="cond" truecount="0" falsecount="4"/>
      <line num="86" count="0" type="stmt"/>
      <line num="89" count="0" type="cond" truecount="0" falsecount="2"/>
      <line num="91" count="0" type="stmt"/>
      <line num="92" count="0" type="stmt"/>
      <line num="93" count="0" type="stmt"/>
      <line num="95" count="0" type="stmt"/>
      <line num="103" count="10" type="stmt"/>
      <line num="110" count="0" type="stmt"/>
      <line num="116" count="18" type="stmt"/>
      <line num="123" count="8" type="cond" truecount="1" falsecount="1"/>
      <line num="124" count="0" type="stmt"/>
      <line num="125" count="8" type="stmt"/>
      <line num="132" count="8" type="cond" truecount="1" falsecount="1"/>
      <line num="133" count="0" type="stmt"/>
      <line num="134" count="8" type="stmt"/>
      <line num="135" count="8" type="stmt"/>
      <line num="136" count="8" type="stmt"/>
      <line num="143" count="0" type="cond" truecount="0" falsecount="2"/>
      <line num="144" count="0" type="stmt"/>
      <line num="145" count="0" type="stmt"/>
      <line num="146" count="0" type="stmt"/>
      <line num="147" count="0" type="stmt"/>
      <line num="148" count="0" type="stmt"/>
      <line num="149" count="0" type="stmt"/>
      <line num="171" count="2" type="stmt"/>
      <line num="173" count="2" type="stmt"/>
      <line num="183" count="10" type="stmt"/>
      <line num="185" count="10" type="cond" truecount="2" falsecount="0"/>
      <line num="187" count="10" type="stmt"/>
      <line num="188" count="10" type="cond" truecount="2" falsecount="0"/>
      <line num="189" count="0" type="stmt"/>
      <line num="192" count="10" type="cond" truecount="2" falsecount="0"/>
      <line num="194" count="2" type="stmt"/>
      <line num="195" count="2" type="stmt"/>
      <line num="198" count="8" type="stmt"/>
      <line num="200" count="8" type="stmt"/>
      <line num="202" count="8" type="stmt"/>
      <line num="216" count="2" type="stmt"/>
      <line num="220" count="1" type="stmt"/>
    </file>
  </project>
</coverage>
