{"/Users/shubhampanchal/Projects/ratelimiter/dist/ratelimiter/FixedWindowInMemoryRateLimiter.js": {"path":"/Users/shubhampanchal/Projects/ratelimiter/dist/ratelimiter/FixedWindowInMemoryRateLimiter.js","statementMap":{"0":{"start":{"line":2,"column":22},"end":{"line":4,"column":1}},"1":{"start":{"line":3,"column":4},"end":{"line":3,"column":62}},"2":{"start":{"line":5,"column":0},"end":{"line":5,"column":62}},"3":{"start":{"line":7,"column":33},"end":{"line":7,"column":85}},"4":{"start":{"line":27,"column":8},"end":{"line":27,"column":39}},"5":{"start":{"line":29,"column":8},"end":{"line":29,"column":38}},"6":{"start":{"line":31,"column":8},"end":{"line":31,"column":29}},"7":{"start":{"line":35,"column":8},"end":{"line":39,"column":11}},"8":{"start":{"line":37,"column":12},"end":{"line":37,"column":38}},"9":{"start":{"line":38,"column":12},"end":{"line":38,"column":22}},"10":{"start":{"line":50,"column":8},"end":{"line":64,"column":11}},"11":{"start":{"line":52,"column":31},"end":{"line":52,"column":65}},"12":{"start":{"line":54,"column":12},"end":{"line":58,"column":13}},"13":{"start":{"line":56,"column":16},"end":{"line":56,"column":31}},"14":{"start":{"line":57,"column":16},"end":{"line":57,"column":23}},"15":{"start":{"line":61,"column":12},"end":{"line":61,"column":60}},"16":{"start":{"line":63,"column":12},"end":{"line":63,"column":26}},"17":{"start":{"line":68,"column":0},"end":{"line":68,"column":49}}},"fnMap":{"0":{"name":"(anonymous_0)","decl":{"start":{"line":2,"column":56},"end":{"line":2,"column":57}},"loc":{"start":{"line":2,"column":71},"end":{"line":4,"column":1}},"line":2},"1":{"name":"(anonymous_1)","decl":{"start":{"line":25,"column":4},"end":{"line":25,"column":5}},"loc":{"start":{"line":25,"column":41},"end":{"line":32,"column":5}},"line":25},"2":{"name":"(anonymous_2)","decl":{"start":{"line":34,"column":4},"end":{"line":34,"column":5}},"loc":{"start":{"line":34,"column":12},"end":{"line":40,"column":5}},"line":34},"3":{"name":"(anonymous_3)","decl":{"start":{"line":35,"column":27},"end":{"line":35,"column":28}},"loc":{"start":{"line":35,"column":43},"end":{"line":39,"column":9}},"line":35},"4":{"name":"(anonymous_4)","decl":{"start":{"line":48,"column":4},"end":{"line":48,"column":5}},"loc":{"start":{"line":48,"column":22},"end":{"line":65,"column":5}},"line":48},"5":{"name":"(anonymous_5)","decl":{"start":{"line":50,"column":27},"end":{"line":50,"column":28}},"loc":{"start":{"line":50,"column":43},"end":{"line":64,"column":9}},"line":50}},"branchMap":{"0":{"loc":{"start":{"line":2,"column":22},"end":{"line":4,"column":1}},"type":"binary-expr","locations":[{"start":{"line":2,"column":23},"end":{"line":2,"column":27}},{"start":{"line":2,"column":31},"end":{"line":2,"column":51}},{"start":{"line":2,"column":56},"end":{"line":4,"column":1}}],"line":2},"1":{"loc":{"start":{"line":3,"column":11},"end":{"line":3,"column":61}},"type":"cond-expr","locations":[{"start":{"line":3,"column":37},"end":{"line":3,"column":40}},{"start":{"line":3,"column":43},"end":{"line":3,"column":61}}],"line":3},"2":{"loc":{"start":{"line":3,"column":12},"end":{"line":3,"column":33}},"type":"binary-expr","locations":[{"start":{"line":3,"column":12},"end":{"line":3,"column":15}},{"start":{"line":3,"column":19},"end":{"line":3,"column":33}}],"line":3},"3":{"loc":{"start":{"line":52,"column":31},"end":{"line":52,"column":65}},"type":"binary-expr","locations":[{"start":{"line":52,"column":31},"end":{"line":52,"column":60}},{"start":{"line":52,"column":64},"end":{"line":52,"column":65}}],"line":52},"4":{"loc":{"start":{"line":54,"column":12},"end":{"line":58,"column":13}},"type":"if","locations":[{"start":{"line":54,"column":12},"end":{"line":58,"column":13}},{"start":{},"end":{}}],"line":54}},"s":{"0":1,"1":1,"2":1,"3":1,"4":2,"5":2,"6":2,"7":14,"8":14,"9":14,"10":10,"11":10,"12":10,"13":1,"14":1,"15":9,"16":9,"17":1},"f":{"0":1,"1":2,"2":14,"3":14,"4":10,"5":10},"b":{"0":[1,1,1],"1":[1,0],"2":[1,1],"3":[10,3],"4":[1,9]},"inputSourceMap":null,"_coverageSchema":"1a1c01bbd47fc00a2c39e90264f33305004495a9","hash":"66498c0e3600b590ec54c836179459814055eb56"}
,"/Users/shubhampanchal/Projects/ratelimiter/dist/ratelimiter/FixedWindowMemcachedRateLimiter.js": {"path":"/Users/shubhampanchal/Projects/ratelimiter/dist/ratelimiter/FixedWindowMemcachedRateLimiter.js","statementMap":{"0":{"start":{"line":2,"column":22},"end":{"line":4,"column":1}},"1":{"start":{"line":3,"column":4},"end":{"line":3,"column":62}},"2":{"start":{"line":5,"column":0},"end":{"line":5,"column":62}},"3":{"start":{"line":7,"column":33},"end":{"line":7,"column":85}},"4":{"start":{"line":8,"column":20},"end":{"line":8,"column":57}},"5":{"start":{"line":36,"column":8},"end":{"line":36,"column":39}},"6":{"start":{"line":38,"column":27},"end":{"line":38,"column":73}},"7":{"start":{"line":39,"column":8},"end":{"line":39,"column":63}},"8":{"start":{"line":41,"column":8},"end":{"line":41,"column":29}},"9":{"start":{"line":45,"column":8},"end":{"line":53,"column":11}},"10":{"start":{"line":46,"column":12},"end":{"line":52,"column":15}},"11":{"start":{"line":47,"column":16},"end":{"line":50,"column":17}},"12":{"start":{"line":48,"column":20},"end":{"line":48,"column":32}},"13":{"start":{"line":49,"column":20},"end":{"line":49,"column":27}},"14":{"start":{"line":51,"column":16},"end":{"line":51,"column":26}},"15":{"start":{"line":61,"column":8},"end":{"line":61,"column":24}},"16":{"start":{"line":63,"column":8},"end":{"line":63,"column":29}},"17":{"start":{"line":74,"column":8},"end":{"line":101,"column":11}},"18":{"start":{"line":76,"column":12},"end":{"line":100,"column":15}},"19":{"start":{"line":78,"column":16},"end":{"line":81,"column":17}},"20":{"start":{"line":79,"column":20},"end":{"line":79,"column":32}},"21":{"start":{"line":80,"column":20},"end":{"line":80,"column":27}},"22":{"start":{"line":83,"column":16},"end":{"line":83,"column":35}},"23":{"start":{"line":85,"column":16},"end":{"line":89,"column":17}},"24":{"start":{"line":87,"column":20},"end":{"line":87,"column":35}},"25":{"start":{"line":88,"column":20},"end":{"line":88,"column":27}},"26":{"start":{"line":91,"column":16},"end":{"line":99,"column":19}},"27":{"start":{"line":93,"column":20},"end":{"line":96,"column":21}},"28":{"start":{"line":94,"column":24},"end":{"line":94,"column":36}},"29":{"start":{"line":95,"column":24},"end":{"line":95,"column":31}},"30":{"start":{"line":98,"column":20},"end":{"line":98,"column":34}},"31":{"start":{"line":105,"column":0},"end":{"line":105,"column":50}}},"fnMap":{"0":{"name":"(anonymous_0)","decl":{"start":{"line":2,"column":56},"end":{"line":2,"column":57}},"loc":{"start":{"line":2,"column":71},"end":{"line":4,"column":1}},"line":2},"1":{"name":"(anonymous_1)","decl":{"start":{"line":34,"column":4},"end":{"line":34,"column":5}},"loc":{"start":{"line":34,"column":41},"end":{"line":42,"column":5}},"line":34},"2":{"name":"(anonymous_2)","decl":{"start":{"line":44,"column":4},"end":{"line":44,"column":5}},"loc":{"start":{"line":44,"column":12},"end":{"line":54,"column":5}},"line":44},"3":{"name":"(anonymous_3)","decl":{"start":{"line":45,"column":27},"end":{"line":45,"column":28}},"loc":{"start":{"line":45,"column":48},"end":{"line":53,"column":9}},"line":45},"4":{"name":"(anonymous_4)","decl":{"start":{"line":46,"column":33},"end":{"line":46,"column":34}},"loc":{"start":{"line":46,"column":42},"end":{"line":52,"column":13}},"line":46},"5":{"name":"(anonymous_5)","decl":{"start":{"line":59,"column":4},"end":{"line":59,"column":5}},"loc":{"start":{"line":59,"column":14},"end":{"line":64,"column":5}},"line":59},"6":{"name":"(anonymous_6)","decl":{"start":{"line":72,"column":4},"end":{"line":72,"column":5}},"loc":{"start":{"line":72,"column":22},"end":{"line":102,"column":5}},"line":72},"7":{"name":"(anonymous_7)","decl":{"start":{"line":74,"column":27},"end":{"line":74,"column":28}},"loc":{"start":{"line":74,"column":48},"end":{"line":101,"column":9}},"line":74},"8":{"name":"(anonymous_8)","decl":{"start":{"line":76,"column":39},"end":{"line":76,"column":40}},"loc":{"start":{"line":76,"column":55},"end":{"line":100,"column":13}},"line":76},"9":{"name":"(anonymous_9)","decl":{"start":{"line":91,"column":73},"end":{"line":91,"column":74}},"loc":{"start":{"line":91,"column":82},"end":{"line":99,"column":17}},"line":91}},"branchMap":{"0":{"loc":{"start":{"line":2,"column":22},"end":{"line":4,"column":1}},"type":"binary-expr","locations":[{"start":{"line":2,"column":23},"end":{"line":2,"column":27}},{"start":{"line":2,"column":31},"end":{"line":2,"column":51}},{"start":{"line":2,"column":56},"end":{"line":4,"column":1}}],"line":2},"1":{"loc":{"start":{"line":3,"column":11},"end":{"line":3,"column":61}},"type":"cond-expr","locations":[{"start":{"line":3,"column":37},"end":{"line":3,"column":40}},{"start":{"line":3,"column":43},"end":{"line":3,"column":61}}],"line":3},"2":{"loc":{"start":{"line":3,"column":12},"end":{"line":3,"column":33}},"type":"binary-expr","locations":[{"start":{"line":3,"column":12},"end":{"line":3,"column":15}},{"start":{"line":3,"column":19},"end":{"line":3,"column":33}}],"line":3},"3":{"loc":{"start":{"line":38,"column":27},"end":{"line":38,"column":73}},"type":"binary-expr","locations":[{"start":{"line":38,"column":27},"end":{"line":38,"column":52}},{"start":{"line":38,"column":56},"end":{"line":38,"column":73}}],"line":38},"4":{"loc":{"start":{"line":47,"column":16},"end":{"line":50,"column":17}},"type":"if","locations":[{"start":{"line":47,"column":16},"end":{"line":50,"column":17}},{"start":{},"end":{}}],"line":47},"5":{"loc":{"start":{"line":78,"column":16},"end":{"line":81,"column":17}},"type":"if","locations":[{"start":{"line":78,"column":16},"end":{"line":81,"column":17}},{"start":{},"end":{}}],"line":78},"6":{"loc":{"start":{"line":83,"column":24},"end":{"line":83,"column":34}},"type":"binary-expr","locations":[{"start":{"line":83,"column":24},"end":{"line":83,"column":29}},{"start":{"line":83,"column":33},"end":{"line":83,"column":34}}],"line":83},"7":{"loc":{"start":{"line":85,"column":16},"end":{"line":89,"column":17}},"type":"if","locations":[{"start":{"line":85,"column":16},"end":{"line":89,"column":17}},{"start":{},"end":{}}],"line":85},"8":{"loc":{"start":{"line":93,"column":20},"end":{"line":96,"column":21}},"type":"if","locations":[{"start":{"line":93,"column":20},"end":{"line":96,"column":21}},{"start":{},"end":{}}],"line":93}},"s":{"0":1,"1":2,"2":1,"3":1,"4":1,"5":2,"6":2,"7":2,"8":2,"9":14,"10":14,"11":14,"12":0,"13":0,"14":14,"15":2,"16":2,"17":10,"18":10,"19":10,"20":0,"21":0,"22":10,"23":10,"24":1,"25":1,"26":9,"27":9,"28":0,"29":0,"30":9,"31":1},"f":{"0":2,"1":2,"2":14,"3":14,"4":14,"5":2,"6":10,"7":10,"8":10,"9":9},"b":{"0":[1,1,1],"1":[1,1],"2":[2,2],"3":[2,2],"4":[0,14],"5":[0,10],"6":[10,3],"7":[1,9],"8":[0,9]},"inputSourceMap":null,"_coverageSchema":"1a1c01bbd47fc00a2c39e90264f33305004495a9","hash":"666cc8c6487aad51a9aac5fbadea1bc243ec4ede"}
,"/Users/shubhampanchal/Projects/ratelimiter/dist/ratelimiter/FixedWindowRateLimiter.js": {"path":"/Users/shubhampanchal/Projects/ratelimiter/dist/ratelimiter/FixedWindowRateLimiter.js","statementMap":{"0":{"start":{"line":2,"column":22},"end":{"line":4,"column":1}},"1":{"start":{"line":3,"column":4},"end":{"line":3,"column":62}},"2":{"start":{"line":5,"column":0},"end":{"line":5,"column":62}},"3":{"start":{"line":7,"column":26},"end":{"line":7,"column":71}},"4":{"start":{"line":19,"column":8},"end":{"line":19,"column":39}},"5":{"start":{"line":20,"column":8},"end":{"line":20,"column":35}},"6":{"start":{"line":24,"column":8},"end":{"line":25,"column":47}},"7":{"start":{"line":25,"column":12},"end":{"line":25,"column":47}},"8":{"start":{"line":27,"column":8},"end":{"line":33,"column":35}},"9":{"start":{"line":28,"column":12},"end":{"line":32,"column":15}},"10":{"start":{"line":31,"column":16},"end":{"line":31,"column":76}},"11":{"start":{"line":40,"column":8},"end":{"line":42,"column":9}},"12":{"start":{"line":41,"column":12},"end":{"line":41,"column":47}},"13":{"start":{"line":49,"column":8},"end":{"line":56,"column":11}},"14":{"start":{"line":52,"column":12},"end":{"line":52,"column":72}},"15":{"start":{"line":55,"column":12},"end":{"line":55,"column":33}},"16":{"start":{"line":60,"column":0},"end":{"line":60,"column":41}}},"fnMap":{"0":{"name":"(anonymous_0)","decl":{"start":{"line":2,"column":56},"end":{"line":2,"column":57}},"loc":{"start":{"line":2,"column":71},"end":{"line":4,"column":1}},"line":2},"1":{"name":"(anonymous_1)","decl":{"start":{"line":17,"column":4},"end":{"line":17,"column":5}},"loc":{"start":{"line":17,"column":41},"end":{"line":21,"column":5}},"line":17},"2":{"name":"(anonymous_2)","decl":{"start":{"line":23,"column":4},"end":{"line":23,"column":5}},"loc":{"start":{"line":23,"column":20},"end":{"line":34,"column":5}},"line":23},"3":{"name":"(anonymous_3)","decl":{"start":{"line":27,"column":42},"end":{"line":27,"column":43}},"loc":{"start":{"line":27,"column":48},"end":{"line":33,"column":9}},"line":27},"4":{"name":"(anonymous_4)","decl":{"start":{"line":28,"column":30},"end":{"line":28,"column":31}},"loc":{"start":{"line":28,"column":36},"end":{"line":30,"column":13}},"line":28},"5":{"name":"(anonymous_5)","decl":{"start":{"line":30,"column":21},"end":{"line":30,"column":22}},"loc":{"start":{"line":30,"column":28},"end":{"line":32,"column":13}},"line":30},"6":{"name":"(anonymous_6)","decl":{"start":{"line":38,"column":4},"end":{"line":38,"column":5}},"loc":{"start":{"line":38,"column":14},"end":{"line":43,"column":5}},"line":38},"7":{"name":"(anonymous_7)","decl":{"start":{"line":47,"column":4},"end":{"line":47,"column":5}},"loc":{"start":{"line":47,"column":12},"end":{"line":57,"column":5}},"line":47},"8":{"name":"(anonymous_8)","decl":{"start":{"line":49,"column":26},"end":{"line":49,"column":27}},"loc":{"start":{"line":49,"column":32},"end":{"line":51,"column":9}},"line":49},"9":{"name":"(anonymous_9)","decl":{"start":{"line":51,"column":17},"end":{"line":51,"column":18}},"loc":{"start":{"line":51,"column":24},"end":{"line":53,"column":9}},"line":51},"10":{"name":"(anonymous_10)","decl":{"start":{"line":53,"column":19},"end":{"line":53,"column":20}},"loc":{"start":{"line":53,"column":25},"end":{"line":56,"column":9}},"line":53}},"branchMap":{"0":{"loc":{"start":{"line":2,"column":22},"end":{"line":4,"column":1}},"type":"binary-expr","locations":[{"start":{"line":2,"column":23},"end":{"line":2,"column":27}},{"start":{"line":2,"column":31},"end":{"line":2,"column":51}},{"start":{"line":2,"column":56},"end":{"line":4,"column":1}}],"line":2},"1":{"loc":{"start":{"line":3,"column":11},"end":{"line":3,"column":61}},"type":"cond-expr","locations":[{"start":{"line":3,"column":37},"end":{"line":3,"column":40}},{"start":{"line":3,"column":43},"end":{"line":3,"column":61}}],"line":3},"2":{"loc":{"start":{"line":3,"column":12},"end":{"line":3,"column":33}},"type":"binary-expr","locations":[{"start":{"line":3,"column":12},"end":{"line":3,"column":15}},{"start":{"line":3,"column":19},"end":{"line":3,"column":33}}],"line":3},"3":{"loc":{"start":{"line":24,"column":8},"end":{"line":25,"column":47}},"type":"if","locations":[{"start":{"line":24,"column":8},"end":{"line":25,"column":47}},{"start":{},"end":{}}],"line":24},"4":{"loc":{"start":{"line":40,"column":8},"end":{"line":42,"column":9}},"type":"if","locations":[{"start":{"line":40,"column":8},"end":{"line":42,"column":9}},{"start":{},"end":{}}],"line":40}},"s":{"0":1,"1":1,"2":1,"3":1,"4":4,"5":4,"6":8,"7":4,"8":8,"9":24,"10":0,"11":4,"12":4,"13":4,"14":0,"15":4,"16":1},"f":{"0":1,"1":4,"2":8,"3":24,"4":24,"5":0,"6":4,"7":4,"8":4,"9":0,"10":4},"b":{"0":[1,1,1],"1":[1,0],"2":[1,1],"3":[4,4],"4":[4,0]},"inputSourceMap":null,"_coverageSchema":"1a1c01bbd47fc00a2c39e90264f33305004495a9","hash":"3dfa87331948d61701b144d364a8a4135ccbd4cb"}
,"/Users/shubhampanchal/Projects/ratelimiter/dist/ratelimiter/RateLimiterImpl.js": {"path":"/Users/shubhampanchal/Projects/ratelimiter/dist/ratelimiter/RateLimiterImpl.js","statementMap":{"0":{"start":{"line":2,"column":0},"end":{"line":2,"column":62}},"1":{"start":{"line":14,"column":8},"end":{"line":14,"column":35}},"2":{"start":{"line":15,"column":8},"end":{"line":15,"column":41}},"3":{"start":{"line":23,"column":8},"end":{"line":23,"column":30}},"4":{"start":{"line":31,"column":8},"end":{"line":31,"column":33}},"5":{"start":{"line":35,"column":0},"end":{"line":35,"column":34}}},"fnMap":{"0":{"name":"(anonymous_0)","decl":{"start":{"line":13,"column":4},"end":{"line":13,"column":5}},"loc":{"start":{"line":13,"column":41},"end":{"line":16,"column":5}},"line":13},"1":{"name":"(anonymous_1)","decl":{"start":{"line":22,"column":4},"end":{"line":22,"column":5}},"loc":{"start":{"line":22,"column":19},"end":{"line":24,"column":5}},"line":22},"2":{"name":"(anonymous_2)","decl":{"start":{"line":30,"column":4},"end":{"line":30,"column":5}},"loc":{"start":{"line":30,"column":22},"end":{"line":32,"column":5}},"line":30}},"branchMap":{},"s":{"0":1,"1":8,"2":8,"3":0,"4":8,"5":1},"f":{"0":8,"1":0,"2":8},"b":{},"inputSourceMap":null,"_coverageSchema":"1a1c01bbd47fc00a2c39e90264f33305004495a9","hash":"6ad86d65357e29a247a94c8556f4202af437523f"}
,"/Users/shubhampanchal/Projects/ratelimiter/dist/ratelimiter/SlidingWindowListRateLimiter.js": {"path":"/Users/shubhampanchal/Projects/ratelimiter/dist/ratelimiter/SlidingWindowListRateLimiter.js","statementMap":{"0":{"start":{"line":2,"column":22},"end":{"line":4,"column":1}},"1":{"start":{"line":3,"column":4},"end":{"line":3,"column":62}},"2":{"start":{"line":5,"column":0},"end":{"line":5,"column":62}},"3":{"start":{"line":7,"column":26},"end":{"line":7,"column":71}},"4":{"start":{"line":17,"column":8},"end":{"line":17,"column":25}},"5":{"start":{"line":18,"column":8},"end":{"line":18,"column":25}},"6":{"start":{"line":29,"column":8},"end":{"line":29,"column":37}},"7":{"start":{"line":30,"column":8},"end":{"line":30,"column":22}},"8":{"start":{"line":38,"column":19},"end":{"line":38,"column":33}},"9":{"start":{"line":40,"column":8},"end":{"line":46,"column":9}},"10":{"start":{"line":41,"column":12},"end":{"line":41,"column":41}},"11":{"start":{"line":44,"column":12},"end":{"line":44,"column":34}},"12":{"start":{"line":45,"column":12},"end":{"line":45,"column":29}},"13":{"start":{"line":48,"column":8},"end":{"line":48,"column":20}},"14":{"start":{"line":57,"column":8},"end":{"line":58,"column":45}},"15":{"start":{"line":58,"column":12},"end":{"line":58,"column":45}},"16":{"start":{"line":59,"column":19},"end":{"line":59,"column":28}},"17":{"start":{"line":61,"column":8},"end":{"line":66,"column":9}},"18":{"start":{"line":62,"column":12},"end":{"line":62,"column":41}},"19":{"start":{"line":65,"column":12},"end":{"line":65,"column":86}},"20":{"start":{"line":68,"column":8},"end":{"line":68,"column":20}},"21":{"start":{"line":70,"column":8},"end":{"line":70,"column":25}},"22":{"start":{"line":78,"column":8},"end":{"line":79,"column":45}},"23":{"start":{"line":79,"column":12},"end":{"line":79,"column":45}},"24":{"start":{"line":81,"column":8},"end":{"line":81,"column":30}},"25":{"start":{"line":88,"column":8},"end":{"line":88,"column":31}},"26":{"start":{"line":95,"column":8},"end":{"line":95,"column":25}},"27":{"start":{"line":117,"column":8},"end":{"line":117,"column":39}},"28":{"start":{"line":119,"column":8},"end":{"line":119,"column":33}},"29":{"start":{"line":129,"column":8},"end":{"line":149,"column":11}},"30":{"start":{"line":131,"column":23},"end":{"line":131,"column":67}},"31":{"start":{"line":133,"column":30},"end":{"line":133,"column":40}},"32":{"start":{"line":134,"column":12},"end":{"line":136,"column":13}},"33":{"start":{"line":135,"column":16},"end":{"line":135,"column":32}},"34":{"start":{"line":138,"column":12},"end":{"line":142,"column":13}},"35":{"start":{"line":140,"column":16},"end":{"line":140,"column":31}},"36":{"start":{"line":141,"column":16},"end":{"line":141,"column":23}},"37":{"start":{"line":144,"column":12},"end":{"line":144,"column":39}},"38":{"start":{"line":146,"column":12},"end":{"line":146,"column":43}},"39":{"start":{"line":148,"column":12},"end":{"line":148,"column":26}},"40":{"start":{"line":162,"column":8},"end":{"line":162,"column":29}},"41":{"start":{"line":166,"column":0},"end":{"line":166,"column":47}}},"fnMap":{"0":{"name":"(anonymous_0)","decl":{"start":{"line":2,"column":56},"end":{"line":2,"column":57}},"loc":{"start":{"line":2,"column":71},"end":{"line":4,"column":1}},"line":2},"1":{"name":"(anonymous_1)","decl":{"start":{"line":16,"column":4},"end":{"line":16,"column":5}},"loc":{"start":{"line":16,"column":22},"end":{"line":19,"column":5}},"line":16},"2":{"name":"(anonymous_2)","decl":{"start":{"line":28,"column":4},"end":{"line":28,"column":5}},"loc":{"start":{"line":28,"column":18},"end":{"line":31,"column":5}},"line":28},"3":{"name":"(anonymous_3)","decl":{"start":{"line":36,"column":4},"end":{"line":36,"column":5}},"loc":{"start":{"line":36,"column":19},"end":{"line":49,"column":5}},"line":36},"4":{"name":"(anonymous_4)","decl":{"start":{"line":54,"column":4},"end":{"line":54,"column":5}},"loc":{"start":{"line":54,"column":15},"end":{"line":71,"column":5}},"line":54},"5":{"name":"(anonymous_5)","decl":{"start":{"line":76,"column":4},"end":{"line":76,"column":5}},"loc":{"start":{"line":76,"column":15},"end":{"line":82,"column":5}},"line":76},"6":{"name":"(anonymous_6)","decl":{"start":{"line":87,"column":4},"end":{"line":87,"column":5}},"loc":{"start":{"line":87,"column":14},"end":{"line":89,"column":5}},"line":87},"7":{"name":"(anonymous_7)","decl":{"start":{"line":94,"column":4},"end":{"line":94,"column":5}},"loc":{"start":{"line":94,"column":14},"end":{"line":96,"column":5}},"line":94},"8":{"name":"(anonymous_8)","decl":{"start":{"line":115,"column":4},"end":{"line":115,"column":5}},"loc":{"start":{"line":115,"column":41},"end":{"line":120,"column":5}},"line":115},"9":{"name":"(anonymous_9)","decl":{"start":{"line":127,"column":4},"end":{"line":127,"column":5}},"loc":{"start":{"line":127,"column":22},"end":{"line":150,"column":5}},"line":127},"10":{"name":"(anonymous_10)","decl":{"start":{"line":129,"column":27},"end":{"line":129,"column":28}},"loc":{"start":{"line":129,"column":43},"end":{"line":149,"column":9}},"line":129},"11":{"name":"(anonymous_11)","decl":{"start":{"line":154,"column":4},"end":{"line":154,"column":5}},"loc":{"start":{"line":154,"column":14},"end":{"line":156,"column":5}},"line":154},"12":{"name":"(anonymous_12)","decl":{"start":{"line":160,"column":4},"end":{"line":160,"column":5}},"loc":{"start":{"line":160,"column":12},"end":{"line":163,"column":5}},"line":160}},"branchMap":{"0":{"loc":{"start":{"line":2,"column":22},"end":{"line":4,"column":1}},"type":"binary-expr","locations":[{"start":{"line":2,"column":23},"end":{"line":2,"column":27}},{"start":{"line":2,"column":31},"end":{"line":2,"column":51}},{"start":{"line":2,"column":56},"end":{"line":4,"column":1}}],"line":2},"1":{"loc":{"start":{"line":3,"column":11},"end":{"line":3,"column":61}},"type":"cond-expr","locations":[{"start":{"line":3,"column":37},"end":{"line":3,"column":40}},{"start":{"line":3,"column":43},"end":{"line":3,"column":61}}],"line":3},"2":{"loc":{"start":{"line":3,"column":12},"end":{"line":3,"column":33}},"type":"binary-expr","locations":[{"start":{"line":3,"column":12},"end":{"line":3,"column":15}},{"start":{"line":3,"column":19},"end":{"line":3,"column":33}}],"line":3},"3":{"loc":{"start":{"line":40,"column":8},"end":{"line":46,"column":9}},"type":"if","locations":[{"start":{"line":40,"column":8},"end":{"line":46,"column":9}},{"start":{"line":43,"column":13},"end":{"line":46,"column":9}}],"line":40},"4":{"loc":{"start":{"line":57,"column":8},"end":{"line":58,"column":45}},"type":"if","locations":[{"start":{"line":57,"column":8},"end":{"line":58,"column":45}},{"start":{},"end":{}}],"line":57},"5":{"loc":{"start":{"line":61,"column":8},"end":{"line":66,"column":9}},"type":"if","locations":[{"start":{"line":61,"column":8},"end":{"line":66,"column":9}},{"start":{"line":64,"column":13},"end":{"line":66,"column":9}}],"line":61},"6":{"loc":{"start":{"line":65,"column":24},"end":{"line":65,"column":85}},"type":"cond-expr","locations":[{"start":{"line":65,"column":69},"end":{"line":65,"column":75}},{"start":{"line":65,"column":78},"end":{"line":65,"column":85}}],"line":65},"7":{"loc":{"start":{"line":65,"column":24},"end":{"line":65,"column":66}},"type":"binary-expr","locations":[{"start":{"line":65,"column":24},"end":{"line":65,"column":49}},{"start":{"line":65,"column":53},"end":{"line":65,"column":66}}],"line":65},"8":{"loc":{"start":{"line":78,"column":8},"end":{"line":79,"column":45}},"type":"if","locations":[{"start":{"line":78,"column":8},"end":{"line":79,"column":45}},{"start":{},"end":{}}],"line":78},"9":{"loc":{"start":{"line":131,"column":23},"end":{"line":131,"column":67}},"type":"binary-expr","locations":[{"start":{"line":131,"column":23},"end":{"line":131,"column":47}},{"start":{"line":131,"column":51},"end":{"line":131,"column":67}}],"line":131},"10":{"loc":{"start":{"line":134,"column":19},"end":{"line":134,"column":87}},"type":"binary-expr","locations":[{"start":{"line":134,"column":19},"end":{"line":134,"column":34}},{"start":{"line":134,"column":38},"end":{"line":134,"column":87}}],"line":134},"11":{"loc":{"start":{"line":138,"column":12},"end":{"line":142,"column":13}},"type":"if","locations":[{"start":{"line":138,"column":12},"end":{"line":142,"column":13}},{"start":{},"end":{}}],"line":138}},"s":{"0":1,"1":1,"2":1,"3":1,"4":8,"5":8,"6":2,"7":2,"8":8,"9":8,"10":2,"11":6,"12":6,"13":8,"14":0,"15":0,"16":0,"17":0,"18":0,"19":0,"20":0,"21":0,"22":8,"23":0,"24":8,"25":10,"26":10,"27":2,"28":2,"29":10,"30":10,"31":10,"32":10,"33":0,"34":10,"35":2,"36":2,"37":8,"38":8,"39":8,"40":2,"41":1},"f":{"0":1,"1":8,"2":2,"3":8,"4":0,"5":8,"6":10,"7":10,"8":2,"9":10,"10":10,"11":2,"12":2},"b":{"0":[1,1,1],"1":[1,0],"2":[1,1],"3":[2,6],"4":[0,0],"5":[0,0],"6":[0,0],"7":[0,0],"8":[0,8],"9":[10,2],"10":[10,8],"11":[2,8]},"inputSourceMap":null,"_coverageSchema":"1a1c01bbd47fc00a2c39e90264f33305004495a9","hash":"ae3c92327834e2349198d3aead299584db4017c7"}
,"/Users/shubhampanchal/Projects/ratelimiter/dist/ratelimiter/SlidingWindowMinHeapRateLimiter.js": {"path":"/Users/shubhampanchal/Projects/ratelimiter/dist/ratelimiter/SlidingWindowMinHeapRateLimiter.js","statementMap":{"0":{"start":{"line":2,"column":22},"end":{"line":4,"column":1}},"1":{"start":{"line":3,"column":4},"end":{"line":3,"column":62}},"2":{"start":{"line":5,"column":0},"end":{"line":5,"column":62}},"3":{"start":{"line":7,"column":26},"end":{"line":7,"column":71}},"4":{"start":{"line":17,"column":8},"end":{"line":17,"column":40}},"5":{"start":{"line":18,"column":8},"end":{"line":18,"column":33}},"6":{"start":{"line":19,"column":8},"end":{"line":19,"column":22}},"7":{"start":{"line":26,"column":8},"end":{"line":26,"column":43}},"8":{"start":{"line":33,"column":8},"end":{"line":33,"column":29}},"9":{"start":{"line":40,"column":8},"end":{"line":40,"column":29}},"10":{"start":{"line":46,"column":8},"end":{"line":46,"column":47}},"11":{"start":{"line":53,"column":8},"end":{"line":54,"column":19}},"12":{"start":{"line":54,"column":12},"end":{"line":54,"column":19}},"13":{"start":{"line":56,"column":24},"end":{"line":56,"column":42}},"14":{"start":{"line":57,"column":8},"end":{"line":58,"column":19}},"15":{"start":{"line":58,"column":12},"end":{"line":58,"column":19}},"16":{"start":{"line":60,"column":8},"end":{"line":67,"column":9}},"17":{"start":{"line":62,"column":23},"end":{"line":62,"column":43}},"18":{"start":{"line":63,"column":12},"end":{"line":63,"column":52}},"19":{"start":{"line":64,"column":12},"end":{"line":64,"column":36}},"20":{"start":{"line":66,"column":12},"end":{"line":66,"column":38}},"21":{"start":{"line":74,"column":8},"end":{"line":75,"column":19}},"22":{"start":{"line":75,"column":12},"end":{"line":75,"column":19}},"23":{"start":{"line":77,"column":25},"end":{"line":77,"column":30}},"24":{"start":{"line":79,"column":22},"end":{"line":79,"column":38}},"25":{"start":{"line":80,"column":8},"end":{"line":82,"column":9}},"26":{"start":{"line":81,"column":12},"end":{"line":81,"column":33}},"27":{"start":{"line":84,"column":23},"end":{"line":84,"column":40}},"28":{"start":{"line":85,"column":8},"end":{"line":87,"column":9}},"29":{"start":{"line":86,"column":12},"end":{"line":86,"column":34}},"30":{"start":{"line":89,"column":8},"end":{"line":96,"column":9}},"31":{"start":{"line":91,"column":23},"end":{"line":91,"column":44}},"32":{"start":{"line":92,"column":12},"end":{"line":92,"column":53}},"33":{"start":{"line":93,"column":12},"end":{"line":93,"column":36}},"34":{"start":{"line":95,"column":12},"end":{"line":95,"column":41}},"35":{"start":{"line":103,"column":8},"end":{"line":103,"column":25}},"36":{"start":{"line":110,"column":8},"end":{"line":110,"column":29}},"37":{"start":{"line":116,"column":8},"end":{"line":116,"column":31}},"38":{"start":{"line":123,"column":8},"end":{"line":124,"column":45}},"39":{"start":{"line":124,"column":12},"end":{"line":124,"column":45}},"40":{"start":{"line":125,"column":8},"end":{"line":125,"column":28}},"41":{"start":{"line":132,"column":8},"end":{"line":133,"column":44}},"42":{"start":{"line":133,"column":12},"end":{"line":133,"column":44}},"43":{"start":{"line":134,"column":8},"end":{"line":134,"column":39}},"44":{"start":{"line":135,"column":8},"end":{"line":135,"column":20}},"45":{"start":{"line":136,"column":8},"end":{"line":136,"column":38}},"46":{"start":{"line":143,"column":8},"end":{"line":144,"column":45}},"47":{"start":{"line":144,"column":12},"end":{"line":144,"column":45}},"48":{"start":{"line":145,"column":18},"end":{"line":145,"column":30}},"49":{"start":{"line":146,"column":8},"end":{"line":146,"column":48}},"50":{"start":{"line":147,"column":8},"end":{"line":147,"column":20}},"51":{"start":{"line":148,"column":8},"end":{"line":148,"column":28}},"52":{"start":{"line":149,"column":8},"end":{"line":149,"column":19}},"53":{"start":{"line":171,"column":8},"end":{"line":171,"column":39}},"54":{"start":{"line":173,"column":8},"end":{"line":173,"column":33}},"55":{"start":{"line":183,"column":8},"end":{"line":203,"column":11}},"56":{"start":{"line":185,"column":26},"end":{"line":185,"column":81}},"57":{"start":{"line":187,"column":30},"end":{"line":187,"column":40}},"58":{"start":{"line":188,"column":12},"end":{"line":190,"column":13}},"59":{"start":{"line":189,"column":16},"end":{"line":189,"column":36}},"60":{"start":{"line":192,"column":12},"end":{"line":196,"column":13}},"61":{"start":{"line":194,"column":16},"end":{"line":194,"column":31}},"62":{"start":{"line":195,"column":16},"end":{"line":195,"column":23}},"63":{"start":{"line":198,"column":12},"end":{"line":198,"column":40}},"64":{"start":{"line":200,"column":12},"end":{"line":200,"column":46}},"65":{"start":{"line":202,"column":12},"end":{"line":202,"column":26}},"66":{"start":{"line":216,"column":8},"end":{"line":216,"column":29}},"67":{"start":{"line":220,"column":0},"end":{"line":220,"column":50}}},"fnMap":{"0":{"name":"(anonymous_0)","decl":{"start":{"line":2,"column":56},"end":{"line":2,"column":57}},"loc":{"start":{"line":2,"column":71},"end":{"line":4,"column":1}},"line":2},"1":{"name":"(anonymous_1)","decl":{"start":{"line":16,"column":4},"end":{"line":16,"column":5}},"loc":{"start":{"line":16,"column":26},"end":{"line":20,"column":5}},"line":16},"2":{"name":"(anonymous_2)","decl":{"start":{"line":25,"column":4},"end":{"line":25,"column":5}},"loc":{"start":{"line":25,"column":18},"end":{"line":27,"column":5}},"line":25},"3":{"name":"(anonymous_3)","decl":{"start":{"line":32,"column":4},"end":{"line":32,"column":5}},"loc":{"start":{"line":32,"column":16},"end":{"line":34,"column":5}},"line":32},"4":{"name":"(anonymous_4)","decl":{"start":{"line":39,"column":4},"end":{"line":39,"column":5}},"loc":{"start":{"line":39,"column":17},"end":{"line":41,"column":5}},"line":39},"5":{"name":"(anonymous_5)","decl":{"start":{"line":45,"column":4},"end":{"line":45,"column":5}},"loc":{"start":{"line":45,"column":19},"end":{"line":47,"column":5}},"line":45},"6":{"name":"(anonymous_6)","decl":{"start":{"line":51,"column":4},"end":{"line":51,"column":5}},"loc":{"start":{"line":51,"column":21},"end":{"line":68,"column":5}},"line":51},"7":{"name":"(anonymous_7)","decl":{"start":{"line":72,"column":4},"end":{"line":72,"column":5}},"loc":{"start":{"line":72,"column":23},"end":{"line":97,"column":5}},"line":72},"8":{"name":"(anonymous_8)","decl":{"start":{"line":102,"column":4},"end":{"line":102,"column":5}},"loc":{"start":{"line":102,"column":14},"end":{"line":104,"column":5}},"line":102},"9":{"name":"(anonymous_9)","decl":{"start":{"line":109,"column":4},"end":{"line":109,"column":5}},"loc":{"start":{"line":109,"column":18},"end":{"line":111,"column":5}},"line":109},"10":{"name":"(anonymous_10)","decl":{"start":{"line":115,"column":4},"end":{"line":115,"column":5}},"loc":{"start":{"line":115,"column":14},"end":{"line":117,"column":5}},"line":115},"11":{"name":"(anonymous_11)","decl":{"start":{"line":122,"column":4},"end":{"line":122,"column":5}},"loc":{"start":{"line":122,"column":13},"end":{"line":126,"column":5}},"line":122},"12":{"name":"(anonymous_12)","decl":{"start":{"line":131,"column":4},"end":{"line":131,"column":5}},"loc":{"start":{"line":131,"column":20},"end":{"line":137,"column":5}},"line":131},"13":{"name":"(anonymous_13)","decl":{"start":{"line":142,"column":4},"end":{"line":142,"column":5}},"loc":{"start":{"line":142,"column":16},"end":{"line":150,"column":5}},"line":142},"14":{"name":"(anonymous_14)","decl":{"start":{"line":169,"column":4},"end":{"line":169,"column":5}},"loc":{"start":{"line":169,"column":41},"end":{"line":174,"column":5}},"line":169},"15":{"name":"(anonymous_15)","decl":{"start":{"line":181,"column":4},"end":{"line":181,"column":5}},"loc":{"start":{"line":181,"column":22},"end":{"line":204,"column":5}},"line":181},"16":{"name":"(anonymous_16)","decl":{"start":{"line":183,"column":27},"end":{"line":183,"column":28}},"loc":{"start":{"line":183,"column":43},"end":{"line":203,"column":9}},"line":183},"17":{"name":"(anonymous_17)","decl":{"start":{"line":208,"column":4},"end":{"line":208,"column":5}},"loc":{"start":{"line":208,"column":14},"end":{"line":210,"column":5}},"line":208},"18":{"name":"(anonymous_18)","decl":{"start":{"line":214,"column":4},"end":{"line":214,"column":5}},"loc":{"start":{"line":214,"column":12},"end":{"line":217,"column":5}},"line":214}},"branchMap":{"0":{"loc":{"start":{"line":2,"column":22},"end":{"line":4,"column":1}},"type":"binary-expr","locations":[{"start":{"line":2,"column":23},"end":{"line":2,"column":27}},{"start":{"line":2,"column":31},"end":{"line":2,"column":51}},{"start":{"line":2,"column":56},"end":{"line":4,"column":1}}],"line":2},"1":{"loc":{"start":{"line":3,"column":11},"end":{"line":3,"column":61}},"type":"cond-expr","locations":[{"start":{"line":3,"column":37},"end":{"line":3,"column":40}},{"start":{"line":3,"column":43},"end":{"line":3,"column":61}}],"line":3},"2":{"loc":{"start":{"line":3,"column":12},"end":{"line":3,"column":33}},"type":"binary-expr","locations":[{"start":{"line":3,"column":12},"end":{"line":3,"column":15}},{"start":{"line":3,"column":19},"end":{"line":3,"column":33}}],"line":3},"3":{"loc":{"start":{"line":46,"column":15},"end":{"line":46,"column":46}},"type":"binary-expr","locations":[{"start":{"line":46,"column":15},"end":{"line":46,"column":25}},{"start":{"line":46,"column":29},"end":{"line":46,"column":46}}],"line":46},"4":{"loc":{"start":{"line":53,"column":8},"end":{"line":54,"column":19}},"type":"if","locations":[{"start":{"line":53,"column":8},"end":{"line":54,"column":19}},{"start":{},"end":{}}],"line":53},"5":{"loc":{"start":{"line":57,"column":8},"end":{"line":58,"column":19}},"type":"if","locations":[{"start":{"line":57,"column":8},"end":{"line":58,"column":19}},{"start":{},"end":{}}],"line":57},"6":{"loc":{"start":{"line":60,"column":8},"end":{"line":67,"column":9}},"type":"if","locations":[{"start":{"line":60,"column":8},"end":{"line":67,"column":9}},{"start":{},"end":{}}],"line":60},"7":{"loc":{"start":{"line":74,"column":8},"end":{"line":75,"column":19}},"type":"if","locations":[{"start":{"line":74,"column":8},"end":{"line":75,"column":19}},{"start":{},"end":{}}],"line":74},"8":{"loc":{"start":{"line":80,"column":8},"end":{"line":82,"column":9}},"type":"if","locations":[{"start":{"line":80,"column":8},"end":{"line":82,"column":9}},{"start":{},"end":{}}],"line":80},"9":{"loc":{"start":{"line":80,"column":12},"end":{"line":80,"column":79}},"type":"binary-expr","locations":[{"start":{"line":80,"column":12},"end":{"line":80,"column":33}},{"start":{"line":80,"column":37},"end":{"line":80,"column":79}}],"line":80},"10":{"loc":{"start":{"line":85,"column":8},"end":{"line":87,"column":9}},"type":"if","locations":[{"start":{"line":85,"column":8},"end":{"line":87,"column":9}},{"start":{},"end":{}}],"line":85},"11":{"loc":{"start":{"line":85,"column":12},"end":{"line":85,"column":81}},"type":"binary-expr","locations":[{"start":{"line":85,"column":12},"end":{"line":85,"column":34}},{"start":{"line":85,"column":38},"end":{"line":85,"column":81}}],"line":85},"12":{"loc":{"start":{"line":89,"column":8},"end":{"line":96,"column":9}},"type":"if","locations":[{"start":{"line":89,"column":8},"end":{"line":96,"column":9}},{"start":{},"end":{}}],"line":89},"13":{"loc":{"start":{"line":123,"column":8},"end":{"line":124,"column":45}},"type":"if","locations":[{"start":{"line":123,"column":8},"end":{"line":124,"column":45}},{"start":{},"end":{}}],"line":123},"14":{"loc":{"start":{"line":132,"column":8},"end":{"line":133,"column":44}},"type":"if","locations":[{"start":{"line":132,"column":8},"end":{"line":133,"column":44}},{"start":{},"end":{}}],"line":132},"15":{"loc":{"start":{"line":143,"column":8},"end":{"line":144,"column":45}},"type":"if","locations":[{"start":{"line":143,"column":8},"end":{"line":144,"column":45}},{"start":{},"end":{}}],"line":143},"16":{"loc":{"start":{"line":185,"column":26},"end":{"line":185,"column":81}},"type":"binary-expr","locations":[{"start":{"line":185,"column":26},"end":{"line":185,"column":50}},{"start":{"line":185,"column":54},"end":{"line":185,"column":81}}],"line":185},"17":{"loc":{"start":{"line":188,"column":19},"end":{"line":188,"column":91}},"type":"binary-expr","locations":[{"start":{"line":188,"column":19},"end":{"line":188,"column":37}},{"start":{"line":188,"column":41},"end":{"line":188,"column":91}}],"line":188},"18":{"loc":{"start":{"line":192,"column":12},"end":{"line":196,"column":13}},"type":"if","locations":[{"start":{"line":192,"column":12},"end":{"line":196,"column":13}},{"start":{},"end":{}}],"line":192}},"s":{"0":1,"1":1,"2":1,"3":1,"4":2,"5":2,"6":2,"7":8,"8":0,"9":0,"10":16,"11":8,"12":0,"13":8,"14":8,"15":2,"16":6,"17":0,"18":0,"19":0,"20":0,"21":0,"22":0,"23":0,"24":0,"25":0,"26":0,"27":0,"28":0,"29":0,"30":0,"31":0,"32":0,"33":0,"34":0,"35":10,"36":0,"37":18,"38":8,"39":0,"40":8,"41":8,"42":0,"43":8,"44":8,"45":8,"46":0,"47":0,"48":0,"49":0,"50":0,"51":0,"52":0,"53":2,"54":2,"55":10,"56":10,"57":10,"58":10,"59":0,"60":10,"61":2,"62":2,"63":8,"64":8,"65":8,"66":2,"67":1},"f":{"0":1,"1":2,"2":8,"3":0,"4":0,"5":16,"6":8,"7":0,"8":10,"9":0,"10":18,"11":8,"12":8,"13":0,"14":2,"15":10,"16":10,"17":2,"18":2},"b":{"0":[1,1,1],"1":[1,0],"2":[1,1],"3":[16,14],"4":[0,8],"5":[2,6],"6":[0,6],"7":[0,0],"8":[0,0],"9":[0,0],"10":[0,0],"11":[0,0],"12":[0,0],"13":[0,8],"14":[0,8],"15":[0,0],"16":[10,2],"17":[10,8],"18":[2,8]},"inputSourceMap":null,"_coverageSchema":"1a1c01bbd47fc00a2c39e90264f33305004495a9","hash":"9d45ecbd4a99b0fa3a4f472a6c4761b7756e7833"}
}
