{"/Users/shubhampanchal/Projects/ratelimiter/dist/ratelimiter/FixedWindowInMemoryRateLimiter.js": {"path":"/Users/shubhampanchal/Projects/ratelimiter/dist/ratelimiter/FixedWindowInMemoryRateLimiter.js","statementMap":{"0":{"start":{"line":2,"column":22},"end":{"line":4,"column":1}},"1":{"start":{"line":3,"column":4},"end":{"line":3,"column":62}},"2":{"start":{"line":5,"column":0},"end":{"line":5,"column":62}},"3":{"start":{"line":7,"column":33},"end":{"line":7,"column":85}},"4":{"start":{"line":27,"column":8},"end":{"line":27,"column":39}},"5":{"start":{"line":29,"column":8},"end":{"line":29,"column":38}},"6":{"start":{"line":31,"column":8},"end":{"line":33,"column":25}},"7":{"start":{"line":32,"column":12},"end":{"line":32,"column":38}},"8":{"start":{"line":44,"column":8},"end":{"line":58,"column":11}},"9":{"start":{"line":46,"column":31},"end":{"line":46,"column":65}},"10":{"start":{"line":48,"column":12},"end":{"line":52,"column":13}},"11":{"start":{"line":50,"column":16},"end":{"line":50,"column":31}},"12":{"start":{"line":51,"column":16},"end":{"line":51,"column":23}},"13":{"start":{"line":55,"column":12},"end":{"line":55,"column":60}},"14":{"start":{"line":57,"column":12},"end":{"line":57,"column":26}},"15":{"start":{"line":62,"column":0},"end":{"line":62,"column":49}}},"fnMap":{"0":{"name":"(anonymous_0)","decl":{"start":{"line":2,"column":56},"end":{"line":2,"column":57}},"loc":{"start":{"line":2,"column":71},"end":{"line":4,"column":1}},"line":2},"1":{"name":"(anonymous_1)","decl":{"start":{"line":25,"column":4},"end":{"line":25,"column":5}},"loc":{"start":{"line":25,"column":41},"end":{"line":34,"column":5}},"line":25},"2":{"name":"(anonymous_2)","decl":{"start":{"line":31,"column":42},"end":{"line":31,"column":43}},"loc":{"start":{"line":31,"column":48},"end":{"line":33,"column":9}},"line":31},"3":{"name":"(anonymous_3)","decl":{"start":{"line":42,"column":4},"end":{"line":42,"column":5}},"loc":{"start":{"line":42,"column":22},"end":{"line":59,"column":5}},"line":42},"4":{"name":"(anonymous_4)","decl":{"start":{"line":44,"column":27},"end":{"line":44,"column":28}},"loc":{"start":{"line":44,"column":43},"end":{"line":58,"column":9}},"line":44}},"branchMap":{"0":{"loc":{"start":{"line":2,"column":22},"end":{"line":4,"column":1}},"type":"binary-expr","locations":[{"start":{"line":2,"column":23},"end":{"line":2,"column":27}},{"start":{"line":2,"column":31},"end":{"line":2,"column":51}},{"start":{"line":2,"column":56},"end":{"line":4,"column":1}}],"line":2},"1":{"loc":{"start":{"line":3,"column":11},"end":{"line":3,"column":61}},"type":"cond-expr","locations":[{"start":{"line":3,"column":37},"end":{"line":3,"column":40}},{"start":{"line":3,"column":43},"end":{"line":3,"column":61}}],"line":3},"2":{"loc":{"start":{"line":3,"column":12},"end":{"line":3,"column":33}},"type":"binary-expr","locations":[{"start":{"line":3,"column":12},"end":{"line":3,"column":15}},{"start":{"line":3,"column":19},"end":{"line":3,"column":33}}],"line":3},"3":{"loc":{"start":{"line":46,"column":31},"end":{"line":46,"column":65}},"type":"binary-expr","locations":[{"start":{"line":46,"column":31},"end":{"line":46,"column":60}},{"start":{"line":46,"column":64},"end":{"line":46,"column":65}}],"line":46},"4":{"loc":{"start":{"line":48,"column":12},"end":{"line":52,"column":13}},"type":"if","locations":[{"start":{"line":48,"column":12},"end":{"line":52,"column":13}},{"start":{},"end":{}}],"line":48}},"s":{"0":1,"1":1,"2":1,"3":1,"4":1,"5":1,"6":1,"7":3,"8":5,"9":5,"10":5,"11":1,"12":1,"13":4,"14":4,"15":1},"f":{"0":1,"1":1,"2":3,"3":5,"4":5},"b":{"0":[1,1,1],"1":[1,0],"2":[1,1],"3":[5,1],"4":[1,4]},"inputSourceMap":null,"_coverageSchema":"1a1c01bbd47fc00a2c39e90264f33305004495a9","hash":"a079dd519ecb835b4769b2dbd16e1aff733944a2"}
,"/Users/shubhampanchal/Projects/ratelimiter/dist/ratelimiter/FixedWindowMemcachedRateLimiter.js": {"path":"/Users/shubhampanchal/Projects/ratelimiter/dist/ratelimiter/FixedWindowMemcachedRateLimiter.js","statementMap":{"0":{"start":{"line":2,"column":22},"end":{"line":4,"column":1}},"1":{"start":{"line":3,"column":4},"end":{"line":3,"column":62}},"2":{"start":{"line":5,"column":0},"end":{"line":5,"column":62}},"3":{"start":{"line":7,"column":33},"end":{"line":7,"column":85}},"4":{"start":{"line":8,"column":20},"end":{"line":8,"column":57}},"5":{"start":{"line":36,"column":8},"end":{"line":36,"column":39}},"6":{"start":{"line":38,"column":27},"end":{"line":38,"column":73}},"7":{"start":{"line":39,"column":8},"end":{"line":39,"column":63}},"8":{"start":{"line":41,"column":8},"end":{"line":49,"column":25}},"9":{"start":{"line":42,"column":12},"end":{"line":48,"column":15}},"10":{"start":{"line":43,"column":16},"end":{"line":46,"column":17}},"11":{"start":{"line":44,"column":20},"end":{"line":44,"column":39}},"12":{"start":{"line":45,"column":20},"end":{"line":45,"column":27}},"13":{"start":{"line":57,"column":8},"end":{"line":57,"column":24}},"14":{"start":{"line":59,"column":8},"end":{"line":59,"column":29}},"15":{"start":{"line":70,"column":8},"end":{"line":97,"column":11}},"16":{"start":{"line":72,"column":12},"end":{"line":96,"column":15}},"17":{"start":{"line":74,"column":16},"end":{"line":77,"column":17}},"18":{"start":{"line":75,"column":20},"end":{"line":75,"column":32}},"19":{"start":{"line":76,"column":20},"end":{"line":76,"column":27}},"20":{"start":{"line":79,"column":16},"end":{"line":79,"column":35}},"21":{"start":{"line":81,"column":16},"end":{"line":85,"column":17}},"22":{"start":{"line":83,"column":20},"end":{"line":83,"column":35}},"23":{"start":{"line":84,"column":20},"end":{"line":84,"column":27}},"24":{"start":{"line":87,"column":16},"end":{"line":95,"column":19}},"25":{"start":{"line":89,"column":20},"end":{"line":92,"column":21}},"26":{"start":{"line":90,"column":24},"end":{"line":90,"column":36}},"27":{"start":{"line":91,"column":24},"end":{"line":91,"column":31}},"28":{"start":{"line":94,"column":20},"end":{"line":94,"column":34}},"29":{"start":{"line":101,"column":0},"end":{"line":101,"column":50}}},"fnMap":{"0":{"name":"(anonymous_0)","decl":{"start":{"line":2,"column":56},"end":{"line":2,"column":57}},"loc":{"start":{"line":2,"column":71},"end":{"line":4,"column":1}},"line":2},"1":{"name":"(anonymous_1)","decl":{"start":{"line":34,"column":4},"end":{"line":34,"column":5}},"loc":{"start":{"line":34,"column":41},"end":{"line":50,"column":5}},"line":34},"2":{"name":"(anonymous_2)","decl":{"start":{"line":41,"column":42},"end":{"line":41,"column":43}},"loc":{"start":{"line":41,"column":48},"end":{"line":49,"column":9}},"line":41},"3":{"name":"(anonymous_3)","decl":{"start":{"line":42,"column":33},"end":{"line":42,"column":34}},"loc":{"start":{"line":42,"column":42},"end":{"line":48,"column":13}},"line":42},"4":{"name":"(anonymous_4)","decl":{"start":{"line":55,"column":4},"end":{"line":55,"column":5}},"loc":{"start":{"line":55,"column":14},"end":{"line":60,"column":5}},"line":55},"5":{"name":"(anonymous_5)","decl":{"start":{"line":68,"column":4},"end":{"line":68,"column":5}},"loc":{"start":{"line":68,"column":22},"end":{"line":98,"column":5}},"line":68},"6":{"name":"(anonymous_6)","decl":{"start":{"line":70,"column":27},"end":{"line":70,"column":28}},"loc":{"start":{"line":70,"column":48},"end":{"line":97,"column":9}},"line":70},"7":{"name":"(anonymous_7)","decl":{"start":{"line":72,"column":39},"end":{"line":72,"column":40}},"loc":{"start":{"line":72,"column":55},"end":{"line":96,"column":13}},"line":72},"8":{"name":"(anonymous_8)","decl":{"start":{"line":87,"column":73},"end":{"line":87,"column":74}},"loc":{"start":{"line":87,"column":82},"end":{"line":95,"column":17}},"line":87}},"branchMap":{"0":{"loc":{"start":{"line":2,"column":22},"end":{"line":4,"column":1}},"type":"binary-expr","locations":[{"start":{"line":2,"column":23},"end":{"line":2,"column":27}},{"start":{"line":2,"column":31},"end":{"line":2,"column":51}},{"start":{"line":2,"column":56},"end":{"line":4,"column":1}}],"line":2},"1":{"loc":{"start":{"line":3,"column":11},"end":{"line":3,"column":61}},"type":"cond-expr","locations":[{"start":{"line":3,"column":37},"end":{"line":3,"column":40}},{"start":{"line":3,"column":43},"end":{"line":3,"column":61}}],"line":3},"2":{"loc":{"start":{"line":3,"column":12},"end":{"line":3,"column":33}},"type":"binary-expr","locations":[{"start":{"line":3,"column":12},"end":{"line":3,"column":15}},{"start":{"line":3,"column":19},"end":{"line":3,"column":33}}],"line":3},"3":{"loc":{"start":{"line":38,"column":27},"end":{"line":38,"column":73}},"type":"binary-expr","locations":[{"start":{"line":38,"column":27},"end":{"line":38,"column":52}},{"start":{"line":38,"column":56},"end":{"line":38,"column":73}}],"line":38},"4":{"loc":{"start":{"line":43,"column":16},"end":{"line":46,"column":17}},"type":"if","locations":[{"start":{"line":43,"column":16},"end":{"line":46,"column":17}},{"start":{},"end":{}}],"line":43},"5":{"loc":{"start":{"line":74,"column":16},"end":{"line":77,"column":17}},"type":"if","locations":[{"start":{"line":74,"column":16},"end":{"line":77,"column":17}},{"start":{},"end":{}}],"line":74},"6":{"loc":{"start":{"line":79,"column":24},"end":{"line":79,"column":34}},"type":"binary-expr","locations":[{"start":{"line":79,"column":24},"end":{"line":79,"column":29}},{"start":{"line":79,"column":33},"end":{"line":79,"column":34}}],"line":79},"7":{"loc":{"start":{"line":81,"column":16},"end":{"line":85,"column":17}},"type":"if","locations":[{"start":{"line":81,"column":16},"end":{"line":85,"column":17}},{"start":{},"end":{}}],"line":81},"8":{"loc":{"start":{"line":89,"column":20},"end":{"line":92,"column":21}},"type":"if","locations":[{"start":{"line":89,"column":20},"end":{"line":92,"column":21}},{"start":{},"end":{}}],"line":89}},"s":{"0":1,"1":2,"2":1,"3":1,"4":1,"5":1,"6":1,"7":1,"8":1,"9":3,"10":3,"11":0,"12":0,"13":1,"14":1,"15":5,"16":5,"17":5,"18":0,"19":0,"20":5,"21":5,"22":1,"23":1,"24":4,"25":4,"26":0,"27":0,"28":4,"29":1},"f":{"0":2,"1":1,"2":3,"3":3,"4":1,"5":5,"6":5,"7":5,"8":4},"b":{"0":[1,1,1],"1":[1,1],"2":[2,2],"3":[1,1],"4":[0,3],"5":[0,5],"6":[5,1],"7":[1,4],"8":[0,4]},"inputSourceMap":null,"_coverageSchema":"1a1c01bbd47fc00a2c39e90264f33305004495a9","hash":"6f223b697676c1121625c3a0f0454b0aa0899988"}
,"/Users/shubhampanchal/Projects/ratelimiter/dist/ratelimiter/FixedWindowRateLimiter.js": {"path":"/Users/shubhampanchal/Projects/ratelimiter/dist/ratelimiter/FixedWindowRateLimiter.js","statementMap":{"0":{"start":{"line":2,"column":22},"end":{"line":4,"column":1}},"1":{"start":{"line":3,"column":4},"end":{"line":3,"column":62}},"2":{"start":{"line":5,"column":0},"end":{"line":5,"column":62}},"3":{"start":{"line":7,"column":26},"end":{"line":7,"column":71}},"4":{"start":{"line":19,"column":8},"end":{"line":19,"column":39}},"5":{"start":{"line":20,"column":8},"end":{"line":20,"column":35}},"6":{"start":{"line":27,"column":8},"end":{"line":29,"column":9}},"7":{"start":{"line":28,"column":12},"end":{"line":28,"column":47}},"8":{"start":{"line":33,"column":0},"end":{"line":33,"column":41}}},"fnMap":{"0":{"name":"(anonymous_0)","decl":{"start":{"line":2,"column":56},"end":{"line":2,"column":57}},"loc":{"start":{"line":2,"column":71},"end":{"line":4,"column":1}},"line":2},"1":{"name":"(anonymous_1)","decl":{"start":{"line":17,"column":4},"end":{"line":17,"column":5}},"loc":{"start":{"line":17,"column":41},"end":{"line":21,"column":5}},"line":17},"2":{"name":"(anonymous_2)","decl":{"start":{"line":25,"column":4},"end":{"line":25,"column":5}},"loc":{"start":{"line":25,"column":14},"end":{"line":30,"column":5}},"line":25}},"branchMap":{"0":{"loc":{"start":{"line":2,"column":22},"end":{"line":4,"column":1}},"type":"binary-expr","locations":[{"start":{"line":2,"column":23},"end":{"line":2,"column":27}},{"start":{"line":2,"column":31},"end":{"line":2,"column":51}},{"start":{"line":2,"column":56},"end":{"line":4,"column":1}}],"line":2},"1":{"loc":{"start":{"line":3,"column":11},"end":{"line":3,"column":61}},"type":"cond-expr","locations":[{"start":{"line":3,"column":37},"end":{"line":3,"column":40}},{"start":{"line":3,"column":43},"end":{"line":3,"column":61}}],"line":3},"2":{"loc":{"start":{"line":3,"column":12},"end":{"line":3,"column":33}},"type":"binary-expr","locations":[{"start":{"line":3,"column":12},"end":{"line":3,"column":15}},{"start":{"line":3,"column":19},"end":{"line":3,"column":33}}],"line":3},"3":{"loc":{"start":{"line":27,"column":8},"end":{"line":29,"column":9}},"type":"if","locations":[{"start":{"line":27,"column":8},"end":{"line":29,"column":9}},{"start":{},"end":{}}],"line":27}},"s":{"0":1,"1":1,"2":1,"3":1,"4":2,"5":2,"6":2,"7":2,"8":1},"f":{"0":1,"1":2,"2":2},"b":{"0":[1,1,1],"1":[1,0],"2":[1,1],"3":[2,0]},"inputSourceMap":null,"_coverageSchema":"1a1c01bbd47fc00a2c39e90264f33305004495a9","hash":"8753169ab7af1d01ed1ecf01674b8417ede21f85"}
,"/Users/shubhampanchal/Projects/ratelimiter/dist/ratelimiter/RateLimiterImpl.js": {"path":"/Users/shubhampanchal/Projects/ratelimiter/dist/ratelimiter/RateLimiterImpl.js","statementMap":{"0":{"start":{"line":2,"column":0},"end":{"line":2,"column":62}},"1":{"start":{"line":14,"column":8},"end":{"line":14,"column":35}},"2":{"start":{"line":15,"column":8},"end":{"line":15,"column":41}},"3":{"start":{"line":23,"column":8},"end":{"line":23,"column":30}},"4":{"start":{"line":31,"column":8},"end":{"line":31,"column":33}},"5":{"start":{"line":35,"column":0},"end":{"line":35,"column":34}}},"fnMap":{"0":{"name":"(anonymous_0)","decl":{"start":{"line":13,"column":4},"end":{"line":13,"column":5}},"loc":{"start":{"line":13,"column":41},"end":{"line":16,"column":5}},"line":13},"1":{"name":"(anonymous_1)","decl":{"start":{"line":22,"column":4},"end":{"line":22,"column":5}},"loc":{"start":{"line":22,"column":19},"end":{"line":24,"column":5}},"line":22},"2":{"name":"(anonymous_2)","decl":{"start":{"line":30,"column":4},"end":{"line":30,"column":5}},"loc":{"start":{"line":30,"column":22},"end":{"line":32,"column":5}},"line":30}},"branchMap":{},"s":{"0":1,"1":3,"2":3,"3":0,"4":0,"5":1},"f":{"0":3,"1":0,"2":0},"b":{},"inputSourceMap":null,"_coverageSchema":"1a1c01bbd47fc00a2c39e90264f33305004495a9","hash":"6ad86d65357e29a247a94c8556f4202af437523f"}
,"/Users/shubhampanchal/Projects/ratelimiter/dist/ratelimiter/SlidingWindowMinHeapRateLimiter.js": {"path":"/Users/shubhampanchal/Projects/ratelimiter/dist/ratelimiter/SlidingWindowMinHeapRateLimiter.js","statementMap":{"0":{"start":{"line":2,"column":22},"end":{"line":4,"column":1}},"1":{"start":{"line":3,"column":4},"end":{"line":3,"column":62}},"2":{"start":{"line":5,"column":0},"end":{"line":5,"column":62}},"3":{"start":{"line":7,"column":26},"end":{"line":7,"column":71}},"4":{"start":{"line":17,"column":8},"end":{"line":17,"column":40}},"5":{"start":{"line":18,"column":8},"end":{"line":18,"column":33}},"6":{"start":{"line":19,"column":8},"end":{"line":19,"column":22}},"7":{"start":{"line":26,"column":8},"end":{"line":26,"column":43}},"8":{"start":{"line":33,"column":8},"end":{"line":33,"column":29}},"9":{"start":{"line":40,"column":8},"end":{"line":40,"column":29}},"10":{"start":{"line":46,"column":8},"end":{"line":46,"column":47}},"11":{"start":{"line":53,"column":8},"end":{"line":54,"column":19}},"12":{"start":{"line":54,"column":12},"end":{"line":54,"column":19}},"13":{"start":{"line":56,"column":24},"end":{"line":56,"column":42}},"14":{"start":{"line":57,"column":8},"end":{"line":58,"column":19}},"15":{"start":{"line":58,"column":12},"end":{"line":58,"column":19}},"16":{"start":{"line":60,"column":8},"end":{"line":67,"column":9}},"17":{"start":{"line":62,"column":23},"end":{"line":62,"column":43}},"18":{"start":{"line":63,"column":12},"end":{"line":63,"column":52}},"19":{"start":{"line":64,"column":12},"end":{"line":64,"column":36}},"20":{"start":{"line":66,"column":12},"end":{"line":66,"column":38}},"21":{"start":{"line":74,"column":8},"end":{"line":75,"column":19}},"22":{"start":{"line":75,"column":12},"end":{"line":75,"column":19}},"23":{"start":{"line":77,"column":25},"end":{"line":77,"column":30}},"24":{"start":{"line":79,"column":22},"end":{"line":79,"column":38}},"25":{"start":{"line":80,"column":8},"end":{"line":82,"column":9}},"26":{"start":{"line":81,"column":12},"end":{"line":81,"column":33}},"27":{"start":{"line":84,"column":23},"end":{"line":84,"column":40}},"28":{"start":{"line":85,"column":8},"end":{"line":87,"column":9}},"29":{"start":{"line":86,"column":12},"end":{"line":86,"column":34}},"30":{"start":{"line":89,"column":8},"end":{"line":96,"column":9}},"31":{"start":{"line":91,"column":23},"end":{"line":91,"column":44}},"32":{"start":{"line":92,"column":12},"end":{"line":92,"column":53}},"33":{"start":{"line":93,"column":12},"end":{"line":93,"column":36}},"34":{"start":{"line":95,"column":12},"end":{"line":95,"column":41}},"35":{"start":{"line":103,"column":8},"end":{"line":103,"column":25}},"36":{"start":{"line":110,"column":8},"end":{"line":110,"column":29}},"37":{"start":{"line":116,"column":8},"end":{"line":116,"column":31}},"38":{"start":{"line":123,"column":8},"end":{"line":124,"column":45}},"39":{"start":{"line":124,"column":12},"end":{"line":124,"column":45}},"40":{"start":{"line":125,"column":8},"end":{"line":125,"column":28}},"41":{"start":{"line":132,"column":8},"end":{"line":133,"column":44}},"42":{"start":{"line":133,"column":12},"end":{"line":133,"column":44}},"43":{"start":{"line":134,"column":8},"end":{"line":134,"column":39}},"44":{"start":{"line":135,"column":8},"end":{"line":135,"column":20}},"45":{"start":{"line":136,"column":8},"end":{"line":136,"column":38}},"46":{"start":{"line":143,"column":8},"end":{"line":144,"column":45}},"47":{"start":{"line":144,"column":12},"end":{"line":144,"column":45}},"48":{"start":{"line":145,"column":18},"end":{"line":145,"column":30}},"49":{"start":{"line":146,"column":8},"end":{"line":146,"column":48}},"50":{"start":{"line":147,"column":8},"end":{"line":147,"column":20}},"51":{"start":{"line":148,"column":8},"end":{"line":148,"column":28}},"52":{"start":{"line":149,"column":8},"end":{"line":149,"column":19}},"53":{"start":{"line":171,"column":8},"end":{"line":171,"column":39}},"54":{"start":{"line":173,"column":8},"end":{"line":173,"column":33}},"55":{"start":{"line":183,"column":8},"end":{"line":203,"column":11}},"56":{"start":{"line":185,"column":26},"end":{"line":185,"column":81}},"57":{"start":{"line":187,"column":30},"end":{"line":187,"column":40}},"58":{"start":{"line":188,"column":12},"end":{"line":190,"column":13}},"59":{"start":{"line":189,"column":16},"end":{"line":189,"column":36}},"60":{"start":{"line":192,"column":12},"end":{"line":196,"column":13}},"61":{"start":{"line":194,"column":16},"end":{"line":194,"column":31}},"62":{"start":{"line":195,"column":16},"end":{"line":195,"column":23}},"63":{"start":{"line":198,"column":12},"end":{"line":198,"column":40}},"64":{"start":{"line":200,"column":12},"end":{"line":200,"column":46}},"65":{"start":{"line":202,"column":12},"end":{"line":202,"column":26}},"66":{"start":{"line":213,"column":0},"end":{"line":213,"column":50}}},"fnMap":{"0":{"name":"(anonymous_0)","decl":{"start":{"line":2,"column":56},"end":{"line":2,"column":57}},"loc":{"start":{"line":2,"column":71},"end":{"line":4,"column":1}},"line":2},"1":{"name":"(anonymous_1)","decl":{"start":{"line":16,"column":4},"end":{"line":16,"column":5}},"loc":{"start":{"line":16,"column":26},"end":{"line":20,"column":5}},"line":16},"2":{"name":"(anonymous_2)","decl":{"start":{"line":25,"column":4},"end":{"line":25,"column":5}},"loc":{"start":{"line":25,"column":18},"end":{"line":27,"column":5}},"line":25},"3":{"name":"(anonymous_3)","decl":{"start":{"line":32,"column":4},"end":{"line":32,"column":5}},"loc":{"start":{"line":32,"column":16},"end":{"line":34,"column":5}},"line":32},"4":{"name":"(anonymous_4)","decl":{"start":{"line":39,"column":4},"end":{"line":39,"column":5}},"loc":{"start":{"line":39,"column":17},"end":{"line":41,"column":5}},"line":39},"5":{"name":"(anonymous_5)","decl":{"start":{"line":45,"column":4},"end":{"line":45,"column":5}},"loc":{"start":{"line":45,"column":19},"end":{"line":47,"column":5}},"line":45},"6":{"name":"(anonymous_6)","decl":{"start":{"line":51,"column":4},"end":{"line":51,"column":5}},"loc":{"start":{"line":51,"column":21},"end":{"line":68,"column":5}},"line":51},"7":{"name":"(anonymous_7)","decl":{"start":{"line":72,"column":4},"end":{"line":72,"column":5}},"loc":{"start":{"line":72,"column":23},"end":{"line":97,"column":5}},"line":72},"8":{"name":"(anonymous_8)","decl":{"start":{"line":102,"column":4},"end":{"line":102,"column":5}},"loc":{"start":{"line":102,"column":14},"end":{"line":104,"column":5}},"line":102},"9":{"name":"(anonymous_9)","decl":{"start":{"line":109,"column":4},"end":{"line":109,"column":5}},"loc":{"start":{"line":109,"column":18},"end":{"line":111,"column":5}},"line":109},"10":{"name":"(anonymous_10)","decl":{"start":{"line":115,"column":4},"end":{"line":115,"column":5}},"loc":{"start":{"line":115,"column":14},"end":{"line":117,"column":5}},"line":115},"11":{"name":"(anonymous_11)","decl":{"start":{"line":122,"column":4},"end":{"line":122,"column":5}},"loc":{"start":{"line":122,"column":13},"end":{"line":126,"column":5}},"line":122},"12":{"name":"(anonymous_12)","decl":{"start":{"line":131,"column":4},"end":{"line":131,"column":5}},"loc":{"start":{"line":131,"column":20},"end":{"line":137,"column":5}},"line":131},"13":{"name":"(anonymous_13)","decl":{"start":{"line":142,"column":4},"end":{"line":142,"column":5}},"loc":{"start":{"line":142,"column":16},"end":{"line":150,"column":5}},"line":142},"14":{"name":"(anonymous_14)","decl":{"start":{"line":169,"column":4},"end":{"line":169,"column":5}},"loc":{"start":{"line":169,"column":41},"end":{"line":174,"column":5}},"line":169},"15":{"name":"(anonymous_15)","decl":{"start":{"line":181,"column":4},"end":{"line":181,"column":5}},"loc":{"start":{"line":181,"column":22},"end":{"line":204,"column":5}},"line":181},"16":{"name":"(anonymous_16)","decl":{"start":{"line":183,"column":27},"end":{"line":183,"column":28}},"loc":{"start":{"line":183,"column":43},"end":{"line":203,"column":9}},"line":183},"17":{"name":"(anonymous_17)","decl":{"start":{"line":208,"column":4},"end":{"line":208,"column":5}},"loc":{"start":{"line":208,"column":14},"end":{"line":210,"column":5}},"line":208}},"branchMap":{"0":{"loc":{"start":{"line":2,"column":22},"end":{"line":4,"column":1}},"type":"binary-expr","locations":[{"start":{"line":2,"column":23},"end":{"line":2,"column":27}},{"start":{"line":2,"column":31},"end":{"line":2,"column":51}},{"start":{"line":2,"column":56},"end":{"line":4,"column":1}}],"line":2},"1":{"loc":{"start":{"line":3,"column":11},"end":{"line":3,"column":61}},"type":"cond-expr","locations":[{"start":{"line":3,"column":37},"end":{"line":3,"column":40}},{"start":{"line":3,"column":43},"end":{"line":3,"column":61}}],"line":3},"2":{"loc":{"start":{"line":3,"column":12},"end":{"line":3,"column":33}},"type":"binary-expr","locations":[{"start":{"line":3,"column":12},"end":{"line":3,"column":15}},{"start":{"line":3,"column":19},"end":{"line":3,"column":33}}],"line":3},"3":{"loc":{"start":{"line":46,"column":15},"end":{"line":46,"column":46}},"type":"binary-expr","locations":[{"start":{"line":46,"column":15},"end":{"line":46,"column":25}},{"start":{"line":46,"column":29},"end":{"line":46,"column":46}}],"line":46},"4":{"loc":{"start":{"line":53,"column":8},"end":{"line":54,"column":19}},"type":"if","locations":[{"start":{"line":53,"column":8},"end":{"line":54,"column":19}},{"start":{},"end":{}}],"line":53},"5":{"loc":{"start":{"line":57,"column":8},"end":{"line":58,"column":19}},"type":"if","locations":[{"start":{"line":57,"column":8},"end":{"line":58,"column":19}},{"start":{},"end":{}}],"line":57},"6":{"loc":{"start":{"line":60,"column":8},"end":{"line":67,"column":9}},"type":"if","locations":[{"start":{"line":60,"column":8},"end":{"line":67,"column":9}},{"start":{},"end":{}}],"line":60},"7":{"loc":{"start":{"line":74,"column":8},"end":{"line":75,"column":19}},"type":"if","locations":[{"start":{"line":74,"column":8},"end":{"line":75,"column":19}},{"start":{},"end":{}}],"line":74},"8":{"loc":{"start":{"line":80,"column":8},"end":{"line":82,"column":9}},"type":"if","locations":[{"start":{"line":80,"column":8},"end":{"line":82,"column":9}},{"start":{},"end":{}}],"line":80},"9":{"loc":{"start":{"line":80,"column":12},"end":{"line":80,"column":79}},"type":"binary-expr","locations":[{"start":{"line":80,"column":12},"end":{"line":80,"column":33}},{"start":{"line":80,"column":37},"end":{"line":80,"column":79}}],"line":80},"10":{"loc":{"start":{"line":85,"column":8},"end":{"line":87,"column":9}},"type":"if","locations":[{"start":{"line":85,"column":8},"end":{"line":87,"column":9}},{"start":{},"end":{}}],"line":85},"11":{"loc":{"start":{"line":85,"column":12},"end":{"line":85,"column":81}},"type":"binary-expr","locations":[{"start":{"line":85,"column":12},"end":{"line":85,"column":34}},{"start":{"line":85,"column":38},"end":{"line":85,"column":81}}],"line":85},"12":{"loc":{"start":{"line":89,"column":8},"end":{"line":96,"column":9}},"type":"if","locations":[{"start":{"line":89,"column":8},"end":{"line":96,"column":9}},{"start":{},"end":{}}],"line":89},"13":{"loc":{"start":{"line":123,"column":8},"end":{"line":124,"column":45}},"type":"if","locations":[{"start":{"line":123,"column":8},"end":{"line":124,"column":45}},{"start":{},"end":{}}],"line":123},"14":{"loc":{"start":{"line":132,"column":8},"end":{"line":133,"column":44}},"type":"if","locations":[{"start":{"line":132,"column":8},"end":{"line":133,"column":44}},{"start":{},"end":{}}],"line":132},"15":{"loc":{"start":{"line":143,"column":8},"end":{"line":144,"column":45}},"type":"if","locations":[{"start":{"line":143,"column":8},"end":{"line":144,"column":45}},{"start":{},"end":{}}],"line":143},"16":{"loc":{"start":{"line":185,"column":26},"end":{"line":185,"column":81}},"type":"binary-expr","locations":[{"start":{"line":185,"column":26},"end":{"line":185,"column":50}},{"start":{"line":185,"column":54},"end":{"line":185,"column":81}}],"line":185},"17":{"loc":{"start":{"line":188,"column":19},"end":{"line":188,"column":91}},"type":"binary-expr","locations":[{"start":{"line":188,"column":19},"end":{"line":188,"column":37}},{"start":{"line":188,"column":41},"end":{"line":188,"column":91}}],"line":188},"18":{"loc":{"start":{"line":192,"column":12},"end":{"line":196,"column":13}},"type":"if","locations":[{"start":{"line":192,"column":12},"end":{"line":196,"column":13}},{"start":{},"end":{}}],"line":192}},"s":{"0":1,"1":1,"2":1,"3":1,"4":1,"5":1,"6":1,"7":4,"8":0,"9":0,"10":8,"11":4,"12":0,"13":4,"14":4,"15":1,"16":3,"17":0,"18":0,"19":0,"20":0,"21":0,"22":0,"23":0,"24":0,"25":0,"26":0,"27":0,"28":0,"29":0,"30":0,"31":0,"32":0,"33":0,"34":0,"35":5,"36":0,"37":9,"38":4,"39":0,"40":4,"41":4,"42":0,"43":4,"44":4,"45":4,"46":0,"47":0,"48":0,"49":0,"50":0,"51":0,"52":0,"53":1,"54":1,"55":5,"56":5,"57":5,"58":5,"59":0,"60":5,"61":1,"62":1,"63":4,"64":4,"65":4,"66":1},"f":{"0":1,"1":1,"2":4,"3":0,"4":0,"5":8,"6":4,"7":0,"8":5,"9":0,"10":9,"11":4,"12":4,"13":0,"14":1,"15":5,"16":5,"17":1},"b":{"0":[1,1,1],"1":[1,0],"2":[1,1],"3":[8,7],"4":[0,4],"5":[1,3],"6":[0,3],"7":[0,0],"8":[0,0],"9":[0,0],"10":[0,0],"11":[0,0],"12":[0,0],"13":[0,4],"14":[0,4],"15":[0,0],"16":[5,1],"17":[5,4],"18":[1,4]},"inputSourceMap":null,"_coverageSchema":"1a1c01bbd47fc00a2c39e90264f33305004495a9","hash":"876e31021b93b420c32499a09e4553d1ea392a50"}
}
