TN:
SF:dist/ratelimiter/FixedWindowInMemoryRateLimiter.js
FN:2,(anonymous_0)
FN:25,(anonymous_1)
FN:31,(anonymous_2)
FN:42,(anonymous_3)
FN:44,(anonymous_4)
FNF:5
FNH:5
FNDA:1,(anonymous_0)
FNDA:1,(anonymous_1)
FNDA:3,(anonymous_2)
FNDA:5,(anonymous_3)
FNDA:5,(anonymous_4)
DA:2,1
DA:3,1
DA:5,1
DA:7,1
DA:27,1
DA:29,1
DA:31,1
DA:32,3
DA:44,5
DA:46,5
DA:48,5
DA:50,1
DA:51,1
DA:55,4
DA:57,4
DA:62,1
LF:16
LH:16
BRDA:2,0,0,1
BRDA:2,0,1,1
BRDA:2,0,2,1
BRDA:3,1,0,1
BRDA:3,1,1,0
BRDA:3,2,0,1
BRDA:3,2,1,1
BRDA:46,3,0,5
BRDA:46,3,1,1
BRDA:48,4,0,1
BRDA:48,4,1,4
BRF:11
BRH:10
end_of_record
TN:
SF:dist/ratelimiter/FixedWindowMemcachedRateLimiter.js
FN:2,(anonymous_0)
FN:34,(anonymous_1)
FN:41,(anonymous_2)
FN:42,(anonymous_3)
FN:55,(anonymous_4)
FN:68,(anonymous_5)
FN:70,(anonymous_6)
FN:72,(anonymous_7)
FN:87,(anonymous_8)
FNF:9
FNH:9
FNDA:2,(anonymous_0)
FNDA:1,(anonymous_1)
FNDA:3,(anonymous_2)
FNDA:3,(anonymous_3)
FNDA:1,(anonymous_4)
FNDA:5,(anonymous_5)
FNDA:5,(anonymous_6)
FNDA:5,(anonymous_7)
FNDA:4,(anonymous_8)
DA:2,1
DA:3,2
DA:5,1
DA:7,1
DA:8,1
DA:36,1
DA:38,1
DA:39,1
DA:41,1
DA:42,3
DA:43,3
DA:44,0
DA:45,0
DA:57,1
DA:59,1
DA:70,5
DA:72,5
DA:74,5
DA:75,0
DA:76,0
DA:79,5
DA:81,5
DA:83,1
DA:84,1
DA:87,4
DA:89,4
DA:90,0
DA:91,0
DA:94,4
DA:101,1
LF:30
LH:24
BRDA:2,0,0,1
BRDA:2,0,1,1
BRDA:2,0,2,1
BRDA:3,1,0,1
BRDA:3,1,1,1
BRDA:3,2,0,2
BRDA:3,2,1,2
BRDA:38,3,0,1
BRDA:38,3,1,1
BRDA:43,4,0,0
BRDA:43,4,1,3
BRDA:74,5,0,0
BRDA:74,5,1,5
BRDA:79,6,0,5
BRDA:79,6,1,1
BRDA:81,7,0,1
BRDA:81,7,1,4
BRDA:89,8,0,0
BRDA:89,8,1,4
BRF:19
BRH:16
end_of_record
TN:
SF:dist/ratelimiter/FixedWindowRateLimiter.js
FN:2,(anonymous_0)
FN:17,(anonymous_1)
FN:25,(anonymous_2)
FNF:3
FNH:3
FNDA:1,(anonymous_0)
FNDA:2,(anonymous_1)
FNDA:2,(anonymous_2)
DA:2,1
DA:3,1
DA:5,1
DA:7,1
DA:19,2
DA:20,2
DA:27,2
DA:28,2
DA:33,1
LF:9
LH:9
BRDA:2,0,0,1
BRDA:2,0,1,1
BRDA:2,0,2,1
BRDA:3,1,0,1
BRDA:3,1,1,0
BRDA:3,2,0,1
BRDA:3,2,1,1
BRDA:27,3,0,2
BRDA:27,3,1,0
BRF:9
BRH:7
end_of_record
TN:
SF:dist/ratelimiter/RateLimiterImpl.js
FN:13,(anonymous_0)
FN:22,(anonymous_1)
FN:30,(anonymous_2)
FNF:3
FNH:1
FNDA:3,(anonymous_0)
FNDA:0,(anonymous_1)
FNDA:0,(anonymous_2)
DA:2,1
DA:14,3
DA:15,3
DA:23,0
DA:31,0
DA:35,1
LF:6
LH:4
BRF:0
BRH:0
end_of_record
TN:
SF:dist/ratelimiter/SlidingWindowMinHeapRateLimiter.js
FN:2,(anonymous_0)
FN:16,(anonymous_1)
FN:25,(anonymous_2)
FN:32,(anonymous_3)
FN:39,(anonymous_4)
FN:45,(anonymous_5)
FN:51,(anonymous_6)
FN:72,(anonymous_7)
FN:102,(anonymous_8)
FN:109,(anonymous_9)
FN:115,(anonymous_10)
FN:122,(anonymous_11)
FN:131,(anonymous_12)
FN:142,(anonymous_13)
FN:169,(anonymous_14)
FN:181,(anonymous_15)
FN:183,(anonymous_16)
FN:208,(anonymous_17)
FNF:18
FNH:13
FNDA:1,(anonymous_0)
FNDA:1,(anonymous_1)
FNDA:4,(anonymous_2)
FNDA:0,(anonymous_3)
FNDA:0,(anonymous_4)
FNDA:8,(anonymous_5)
FNDA:4,(anonymous_6)
FNDA:0,(anonymous_7)
FNDA:5,(anonymous_8)
FNDA:0,(anonymous_9)
FNDA:9,(anonymous_10)
FNDA:4,(anonymous_11)
FNDA:4,(anonymous_12)
FNDA:0,(anonymous_13)
FNDA:1,(anonymous_14)
FNDA:5,(anonymous_15)
FNDA:5,(anonymous_16)
FNDA:1,(anonymous_17)
DA:2,1
DA:3,1
DA:5,1
DA:7,1
DA:17,1
DA:18,1
DA:19,1
DA:26,4
DA:33,0
DA:40,0
DA:46,8
DA:53,4
DA:54,0
DA:56,4
DA:57,4
DA:58,1
DA:60,3
DA:62,0
DA:63,0
DA:64,0
DA:66,0
DA:74,0
DA:75,0
DA:77,0
DA:79,0
DA:80,0
DA:81,0
DA:84,0
DA:85,0
DA:86,0
DA:89,0
DA:91,0
DA:92,0
DA:93,0
DA:95,0
DA:103,5
DA:110,0
DA:116,9
DA:123,4
DA:124,0
DA:125,4
DA:132,4
DA:133,0
DA:134,4
DA:135,4
DA:136,4
DA:143,0
DA:144,0
DA:145,0
DA:146,0
DA:147,0
DA:148,0
DA:149,0
DA:171,1
DA:173,1
DA:183,5
DA:185,5
DA:187,5
DA:188,5
DA:189,0
DA:192,5
DA:194,1
DA:195,1
DA:198,4
DA:200,4
DA:202,4
DA:213,1
LF:67
LH:35
BRDA:2,0,0,1
BRDA:2,0,1,1
BRDA:2,0,2,1
BRDA:3,1,0,1
BRDA:3,1,1,0
BRDA:3,2,0,1
BRDA:3,2,1,1
BRDA:46,3,0,8
BRDA:46,3,1,7
BRDA:53,4,0,0
BRDA:53,4,1,4
BRDA:57,5,0,1
BRDA:57,5,1,3
BRDA:60,6,0,0
BRDA:60,6,1,3
BRDA:74,7,0,0
BRDA:74,7,1,0
BRDA:80,8,0,0
BRDA:80,8,1,0
BRDA:80,9,0,0
BRDA:80,9,1,0
BRDA:85,10,0,0
BRDA:85,10,1,0
BRDA:85,11,0,0
BRDA:85,11,1,0
BRDA:89,12,0,0
BRDA:89,12,1,0
BRDA:123,13,0,0
BRDA:123,13,1,4
BRDA:132,14,0,0
BRDA:132,14,1,4
BRDA:143,15,0,0
BRDA:143,15,1,0
BRDA:185,16,0,5
BRDA:185,16,1,1
BRDA:188,17,0,5
BRDA:188,17,1,4
BRDA:192,18,0,1
BRDA:192,18,1,4
BRF:39
BRH:20
end_of_record
