TN:
SF:dist/ratelimiter/FixedWindowInMemoryRateLimiter.js
FN:2,(anonymous_0)
FN:25,(anonymous_1)
FN:34,(anonymous_2)
FN:35,(anonymous_3)
FN:48,(anonymous_4)
FN:50,(anonymous_5)
FNF:6
FNH:6
FNDA:1,(anonymous_0)
FNDA:2,(anonymous_1)
FNDA:14,(anonymous_2)
FNDA:14,(anonymous_3)
FNDA:10,(anonymous_4)
FNDA:10,(anonymous_5)
DA:2,1
DA:3,1
DA:5,1
DA:7,1
DA:27,2
DA:29,2
DA:31,2
DA:35,14
DA:37,14
DA:38,14
DA:50,10
DA:52,10
DA:54,10
DA:56,1
DA:57,1
DA:61,9
DA:63,9
DA:68,1
LF:18
LH:18
BRDA:2,0,0,1
BRDA:2,0,1,1
BRDA:2,0,2,1
BRDA:3,1,0,1
BRDA:3,1,1,0
BRDA:3,2,0,1
BRDA:3,2,1,1
BRDA:52,3,0,10
BRDA:52,3,1,3
BRDA:54,4,0,1
BRDA:54,4,1,9
BRF:11
BRH:10
end_of_record
TN:
SF:dist/ratelimiter/FixedWindowMemcachedRateLimiter.js
FN:2,(anonymous_0)
FN:34,(anonymous_1)
FN:44,(anonymous_2)
FN:45,(anonymous_3)
FN:46,(anonymous_4)
FN:59,(anonymous_5)
FN:72,(anonymous_6)
FN:74,(anonymous_7)
FN:76,(anonymous_8)
FN:91,(anonymous_9)
FNF:10
FNH:10
FNDA:2,(anonymous_0)
FNDA:2,(anonymous_1)
FNDA:14,(anonymous_2)
FNDA:14,(anonymous_3)
FNDA:14,(anonymous_4)
FNDA:2,(anonymous_5)
FNDA:10,(anonymous_6)
FNDA:10,(anonymous_7)
FNDA:10,(anonymous_8)
FNDA:9,(anonymous_9)
DA:2,1
DA:3,2
DA:5,1
DA:7,1
DA:8,1
DA:36,2
DA:38,2
DA:39,2
DA:41,2
DA:45,14
DA:46,14
DA:47,14
DA:48,0
DA:49,0
DA:51,14
DA:61,2
DA:63,2
DA:74,10
DA:76,10
DA:78,10
DA:79,0
DA:80,0
DA:83,10
DA:85,10
DA:87,1
DA:88,1
DA:91,9
DA:93,9
DA:94,0
DA:95,0
DA:98,9
DA:105,1
LF:32
LH:26
BRDA:2,0,0,1
BRDA:2,0,1,1
BRDA:2,0,2,1
BRDA:3,1,0,1
BRDA:3,1,1,1
BRDA:3,2,0,2
BRDA:3,2,1,2
BRDA:38,3,0,2
BRDA:38,3,1,2
BRDA:47,4,0,0
BRDA:47,4,1,14
BRDA:78,5,0,0
BRDA:78,5,1,10
BRDA:83,6,0,10
BRDA:83,6,1,3
BRDA:85,7,0,1
BRDA:85,7,1,9
BRDA:93,8,0,0
BRDA:93,8,1,9
BRF:19
BRH:16
end_of_record
TN:
SF:dist/ratelimiter/FixedWindowRateLimiter.js
FN:2,(anonymous_0)
FN:17,(anonymous_1)
FN:23,(anonymous_2)
FN:27,(anonymous_3)
FN:28,(anonymous_4)
FN:30,(anonymous_5)
FN:38,(anonymous_6)
FN:47,(anonymous_7)
FN:49,(anonymous_8)
FN:51,(anonymous_9)
FN:53,(anonymous_10)
FNF:11
FNH:9
FNDA:1,(anonymous_0)
FNDA:4,(anonymous_1)
FNDA:8,(anonymous_2)
FNDA:24,(anonymous_3)
FNDA:24,(anonymous_4)
FNDA:0,(anonymous_5)
FNDA:4,(anonymous_6)
FNDA:4,(anonymous_7)
FNDA:4,(anonymous_8)
FNDA:0,(anonymous_9)
FNDA:4,(anonymous_10)
DA:2,1
DA:3,1
DA:5,1
DA:7,1
DA:19,4
DA:20,4
DA:24,8
DA:25,4
DA:27,8
DA:28,24
DA:31,0
DA:40,4
DA:41,4
DA:49,4
DA:52,0
DA:55,4
DA:60,1
LF:17
LH:15
BRDA:2,0,0,1
BRDA:2,0,1,1
BRDA:2,0,2,1
BRDA:3,1,0,1
BRDA:3,1,1,0
BRDA:3,2,0,1
BRDA:3,2,1,1
BRDA:24,3,0,4
BRDA:24,3,1,4
BRDA:40,4,0,4
BRDA:40,4,1,0
BRF:11
BRH:9
end_of_record
TN:
SF:dist/ratelimiter/RateLimiterImpl.js
FN:13,(anonymous_0)
FN:22,(anonymous_1)
FN:30,(anonymous_2)
FNF:3
FNH:2
FNDA:8,(anonymous_0)
FNDA:0,(anonymous_1)
FNDA:8,(anonymous_2)
DA:2,1
DA:14,8
DA:15,8
DA:23,0
DA:31,8
DA:35,1
LF:6
LH:5
BRF:0
BRH:0
end_of_record
TN:
SF:dist/ratelimiter/SlidingWindowListRateLimiter.js
FN:2,(anonymous_0)
FN:16,(anonymous_1)
FN:28,(anonymous_2)
FN:36,(anonymous_3)
FN:54,(anonymous_4)
FN:76,(anonymous_5)
FN:87,(anonymous_6)
FN:94,(anonymous_7)
FN:115,(anonymous_8)
FN:127,(anonymous_9)
FN:129,(anonymous_10)
FN:154,(anonymous_11)
FN:160,(anonymous_12)
FNF:13
FNH:12
FNDA:1,(anonymous_0)
FNDA:8,(anonymous_1)
FNDA:2,(anonymous_2)
FNDA:8,(anonymous_3)
FNDA:0,(anonymous_4)
FNDA:8,(anonymous_5)
FNDA:10,(anonymous_6)
FNDA:10,(anonymous_7)
FNDA:2,(anonymous_8)
FNDA:10,(anonymous_9)
FNDA:10,(anonymous_10)
FNDA:2,(anonymous_11)
FNDA:2,(anonymous_12)
DA:2,1
DA:3,1
DA:5,1
DA:7,1
DA:17,8
DA:18,8
DA:29,2
DA:30,2
DA:38,8
DA:40,8
DA:41,2
DA:44,6
DA:45,6
DA:48,8
DA:57,0
DA:58,0
DA:59,0
DA:61,0
DA:62,0
DA:65,0
DA:68,0
DA:70,0
DA:78,8
DA:79,0
DA:81,8
DA:88,10
DA:95,10
DA:117,2
DA:119,2
DA:129,10
DA:131,10
DA:133,10
DA:134,10
DA:135,0
DA:138,10
DA:140,2
DA:141,2
DA:144,8
DA:146,8
DA:148,8
DA:162,2
DA:166,1
LF:42
LH:32
BRDA:2,0,0,1
BRDA:2,0,1,1
BRDA:2,0,2,1
BRDA:3,1,0,1
BRDA:3,1,1,0
BRDA:3,2,0,1
BRDA:3,2,1,1
BRDA:40,3,0,2
BRDA:40,3,1,6
BRDA:57,4,0,0
BRDA:57,4,1,0
BRDA:61,5,0,0
BRDA:61,5,1,0
BRDA:65,6,0,0
BRDA:65,6,1,0
BRDA:65,7,0,0
BRDA:65,7,1,0
BRDA:78,8,0,0
BRDA:78,8,1,8
BRDA:131,9,0,10
BRDA:131,9,1,2
BRDA:134,10,0,10
BRDA:134,10,1,8
BRDA:138,11,0,2
BRDA:138,11,1,8
BRF:25
BRH:15
end_of_record
TN:
SF:dist/ratelimiter/SlidingWindowMinHeapRateLimiter.js
FN:2,(anonymous_0)
FN:16,(anonymous_1)
FN:25,(anonymous_2)
FN:32,(anonymous_3)
FN:39,(anonymous_4)
FN:45,(anonymous_5)
FN:51,(anonymous_6)
FN:72,(anonymous_7)
FN:102,(anonymous_8)
FN:109,(anonymous_9)
FN:115,(anonymous_10)
FN:122,(anonymous_11)
FN:131,(anonymous_12)
FN:142,(anonymous_13)
FN:169,(anonymous_14)
FN:181,(anonymous_15)
FN:183,(anonymous_16)
FN:208,(anonymous_17)
FN:214,(anonymous_18)
FNF:19
FNH:14
FNDA:1,(anonymous_0)
FNDA:2,(anonymous_1)
FNDA:8,(anonymous_2)
FNDA:0,(anonymous_3)
FNDA:0,(anonymous_4)
FNDA:16,(anonymous_5)
FNDA:8,(anonymous_6)
FNDA:0,(anonymous_7)
FNDA:10,(anonymous_8)
FNDA:0,(anonymous_9)
FNDA:18,(anonymous_10)
FNDA:8,(anonymous_11)
FNDA:8,(anonymous_12)
FNDA:0,(anonymous_13)
FNDA:2,(anonymous_14)
FNDA:10,(anonymous_15)
FNDA:10,(anonymous_16)
FNDA:2,(anonymous_17)
FNDA:2,(anonymous_18)
DA:2,1
DA:3,1
DA:5,1
DA:7,1
DA:17,2
DA:18,2
DA:19,2
DA:26,8
DA:33,0
DA:40,0
DA:46,16
DA:53,8
DA:54,0
DA:56,8
DA:57,8
DA:58,2
DA:60,6
DA:62,0
DA:63,0
DA:64,0
DA:66,0
DA:74,0
DA:75,0
DA:77,0
DA:79,0
DA:80,0
DA:81,0
DA:84,0
DA:85,0
DA:86,0
DA:89,0
DA:91,0
DA:92,0
DA:93,0
DA:95,0
DA:103,10
DA:110,0
DA:116,18
DA:123,8
DA:124,0
DA:125,8
DA:132,8
DA:133,0
DA:134,8
DA:135,8
DA:136,8
DA:143,0
DA:144,0
DA:145,0
DA:146,0
DA:147,0
DA:148,0
DA:149,0
DA:171,2
DA:173,2
DA:183,10
DA:185,10
DA:187,10
DA:188,10
DA:189,0
DA:192,10
DA:194,2
DA:195,2
DA:198,8
DA:200,8
DA:202,8
DA:216,2
DA:220,1
LF:68
LH:36
BRDA:2,0,0,1
BRDA:2,0,1,1
BRDA:2,0,2,1
BRDA:3,1,0,1
BRDA:3,1,1,0
BRDA:3,2,0,1
BRDA:3,2,1,1
BRDA:46,3,0,16
BRDA:46,3,1,14
BRDA:53,4,0,0
BRDA:53,4,1,8
BRDA:57,5,0,2
BRDA:57,5,1,6
BRDA:60,6,0,0
BRDA:60,6,1,6
BRDA:74,7,0,0
BRDA:74,7,1,0
BRDA:80,8,0,0
BRDA:80,8,1,0
BRDA:80,9,0,0
BRDA:80,9,1,0
BRDA:85,10,0,0
BRDA:85,10,1,0
BRDA:85,11,0,0
BRDA:85,11,1,0
BRDA:89,12,0,0
BRDA:89,12,1,0
BRDA:123,13,0,0
BRDA:123,13,1,8
BRDA:132,14,0,0
BRDA:132,14,1,8
BRDA:143,15,0,0
BRDA:143,15,1,0
BRDA:185,16,0,10
BRDA:185,16,1,2
BRDA:188,17,0,10
BRDA:188,17,1,8
BRDA:192,18,0,2
BRDA:192,18,1,8
BRF:39
BRH:20
end_of_record
